{"D:\\projects\\web projects\\fastfood_project\\fastfood_backend\\src\\index.js":{"path":"D:\\projects\\web projects\\fastfood_project\\fastfood_backend\\src\\index.js","statementMap":{"0":{"start":{"line":3,"column":0},"end":{"line":5,"column":3}},"1":{"start":{"line":6,"column":0},"end":{"line":6,"column":25}},"2":{"start":{"line":8,"column":24},"end":{"line":8,"column":77}},"3":{"start":{"line":10,"column":15},"end":{"line":10,"column":57}},"4":{"start":{"line":12,"column":14},"end":{"line":12,"column":55}},"5":{"start":{"line":14,"column":12},"end":{"line":14,"column":51}},"6":{"start":{"line":16,"column":14},"end":{"line":16,"column":71}},"7":{"start":{"line":18,"column":24},"end":{"line":18,"column":63}},"8":{"start":{"line":20,"column":14},"end":{"line":20,"column":67}},"9":{"start":{"line":22,"column":13},"end":{"line":22,"column":65}},"10":{"start":{"line":24,"column":12},"end":{"line":24,"column":63}},"11":{"start":{"line":26,"column":12},"end":{"line":26,"column":63}},"12":{"start":{"line":28,"column":39},"end":{"line":28,"column":93}},"13":{"start":{"line":30,"column":13},"end":{"line":30,"column":37}},"14":{"start":{"line":31,"column":12},"end":{"line":31,"column":35}},"15":{"start":{"line":33,"column":19},"end":{"line":33,"column":64}},"16":{"start":{"line":35,"column":0},"end":{"line":35,"column":95}},"17":{"start":{"line":36,"column":0},"end":{"line":36,"column":33}},"18":{"start":{"line":37,"column":0},"end":{"line":37,"column":30}},"19":{"start":{"line":38,"column":0},"end":{"line":38,"column":49}},"20":{"start":{"line":39,"column":0},"end":{"line":41,"column":3}},"21":{"start":{"line":40,"column":2},"end":{"line":40,"column":27}},"22":{"start":{"line":42,"column":0},"end":{"line":42,"column":56}},"23":{"start":{"line":43,"column":0},"end":{"line":43,"column":32}},"24":{"start":{"line":44,"column":0},"end":{"line":44,"column":32}},"25":{"start":{"line":45,"column":0},"end":{"line":45,"column":36}},"26":{"start":{"line":46,"column":0},"end":{"line":46,"column":34}},"27":{"start":{"line":47,"column":0},"end":{"line":51,"column":3}},"28":{"start":{"line":48,"column":2},"end":{"line":50,"column":5}},"29":{"start":{"line":52,"column":0},"end":{"line":54,"column":3}},"30":{"start":{"line":53,"column":2},"end":{"line":53,"column":70}},"31":{"start":{"line":55,"column":15},"end":{"line":55,"column":18}},"32":{"start":{"line":56,"column":0},"end":{"line":56,"column":27}}},"fnMap":{"0":{"name":"_interopRequireDefault","decl":{"start":{"line":28,"column":9},"end":{"line":28,"column":31}},"loc":{"start":{"line":28,"column":37},"end":{"line":28,"column":95}},"line":28},"1":{"name":"(anonymous_1)","decl":{"start":{"line":39,"column":13},"end":{"line":39,"column":14}},"loc":{"start":{"line":39,"column":27},"end":{"line":41,"column":1}},"line":39},"2":{"name":"(anonymous_2)","decl":{"start":{"line":47,"column":8},"end":{"line":47,"column":9}},"loc":{"start":{"line":47,"column":22},"end":{"line":51,"column":1}},"line":47},"3":{"name":"(anonymous_3)","decl":{"start":{"line":52,"column":17},"end":{"line":52,"column":18}},"loc":{"start":{"line":52,"column":23},"end":{"line":54,"column":1}},"line":52}},"branchMap":{"0":{"loc":{"start":{"line":28,"column":46},"end":{"line":28,"column":92}},"type":"cond-expr","locations":[{"start":{"line":28,"column":70},"end":{"line":28,"column":73}},{"start":{"line":28,"column":76},"end":{"line":28,"column":92}}],"line":28},"1":{"loc":{"start":{"line":28,"column":46},"end":{"line":28,"column":67}},"type":"binary-expr","locations":[{"start":{"line":28,"column":46},"end":{"line":28,"column":49}},{"start":{"line":28,"column":53},"end":{"line":28,"column":67}}],"line":28},"2":{"loc":{"start":{"line":30,"column":13},"end":{"line":30,"column":37}},"type":"binary-expr","locations":[{"start":{"line":30,"column":13},"end":{"line":30,"column":29}},{"start":{"line":30,"column":33},"end":{"line":30,"column":37}}],"line":30}},"s":{"0":1,"1":1,"2":1,"3":1,"4":1,"5":1,"6":1,"7":1,"8":1,"9":1,"10":1,"11":1,"12":9,"13":1,"14":1,"15":1,"16":1,"17":1,"18":1,"19":1,"20":1,"21":0,"22":1,"23":1,"24":1,"25":1,"26":1,"27":1,"28":0,"29":1,"30":1,"31":1,"32":1},"f":{"0":9,"1":0,"2":0,"3":1},"b":{"0":[5,4],"1":[9,9],"2":[1,1]},"inputSourceMap":{"version":3,"sources":["index.js"],"names":["PORT","process","env","app","swaggerDoc","YAML","load","use","swaggerUi","serve","setup","express","json","cloudinaryConfig","get","req","res","send","static","auth","menu","orders","users","status","message","listen","logger","info"],"mappings":";;;;;;;AAAA;;AACA;;AACA;;AACA;;AAEA;;AACA;;AAEA;;AACA;;AACA;;AACA;;;;AAEA,MAAMA,IAAI,GAAGC,OAAO,CAACC,GAAR,CAAYF,IAAZ,IAAoB,IAAjC;AACA,MAAMG,GAAG,GAAG,uBAAZ;;AAEA,MAAMC,UAAU,GAAGC,gBAAKC,IAAL,CAAU,uBAAV,CAAnB;;AACAH,GAAG,CAACI,GAAJ,CAAQ,OAAR,EAAiBC,0BAAUC,KAA3B,EAAkCD,0BAAUE,KAAV,CAAgBN,UAAhB,CAAlC;AAEAD,GAAG,CAACI,GAAJ,CAAQI,iBAAQC,IAAR,EAAR;AACAT,GAAG,CAACI,GAAJ,CAAQ,oBAAR;AACAJ,GAAG,CAACI,GAAJ,CAAQ,GAAR,EAAaM,kCAAb;AACAV,GAAG,CAACW,GAAJ,CAAQ,GAAR,EAAa,CAACC,GAAD,EAAMC,GAAN,KAAY;AAACA,EAAAA,GAAG,CAACC,IAAJ,CAAS,cAAT;AAA0B,CAApD;AACAd,GAAG,CAACI,GAAJ,CAAQ,UAAR,EAAmBI,iBAAQO,MAAR,CAAe,SAAf,CAAnB;AACAf,GAAG,CAACI,GAAJ,CAAQ,OAAR,EAAiBY,aAAjB;AACAhB,GAAG,CAACI,GAAJ,CAAQ,OAAR,EAAiBa,aAAjB;AACAjB,GAAG,CAACI,GAAJ,CAAQ,SAAR,EAAmBc,eAAnB;AACAlB,GAAG,CAACI,GAAJ,CAAQ,QAAR,EAAkBe,cAAlB;AAEAnB,GAAG,CAACI,GAAJ,CAAQ,CAACQ,GAAD,EAAMC,GAAN,KAAY;AAACA,EAAAA,GAAG,CAACO,MAAJ,CAAW,GAAX,EAAgBX,IAAhB,CAAqB;AAACY,IAAAA,OAAO,EAAE;AAAV,GAArB;AAAsD,CAA3E;AAEArB,GAAG,CAACsB,MAAJ,CAAWzB,IAAX,EAAiB,MAAI;AAAC0B,kBAAOC,IAAP,CAAa,uCAAsC3B,IAAK,EAAxD;AAA4D,CAAlF;eAEeG,G","sourceRoot":"D:\\projects\\web projects\\fastfood_project\\fastfood_backend\\src\\","sourcesContent":["import swaggerUi from 'swagger-ui-express';\r\nimport express from 'express';\r\nimport YAML from 'yamljs';\r\nimport cors from 'cors';\r\n\r\nimport logger from './Middleware/logger.js';\r\nimport { cloudinaryConfig } from './config/cloudinaryConfig.js';\r\n\r\nimport orders from './routes/orders.js';\r\nimport users from './routes/users.js';\r\nimport auth from './routes/auth.js';\r\nimport menu from './routes/menu.js';\r\n\r\nconst PORT = process.env.PORT || 5000;\r\nconst app = express();\r\n\r\nconst swaggerDoc = YAML.load('./config/swagger.yaml');\r\napp.use('/docs', swaggerUi.serve, swaggerUi.setup(swaggerDoc));\r\n\r\napp.use(express.json());\r\napp.use(cors());\r\napp.use('*', cloudinaryConfig);\r\napp.get('/', (req, res)=>{res.send('fastfood API');})\r\napp.use('/uploads',express.static(\"uploads\"));\r\napp.use('/auth', auth);\r\napp.use('/menu', menu);\r\napp.use('/orders', orders);\r\napp.use('/users', users);\r\n\r\napp.use((req, res)=>{res.status(404).json({message: \"route not located\"});});\r\n\r\napp.listen(PORT, ()=>{logger.info(`backend running at http://localhost:${PORT}`);})\r\n\r\nexport default app;"]},"_coverageSchema":"1a1c01bbd47fc00a2c39e90264f33305004495a9","hash":"dc0b63b1dc370ce46b1783a0064e58e0a6bc431c","contentHash":"8fb0cf818696329aa4752cfffe76c697fe086478923118113d23501f5742736a"},"D:\\projects\\web projects\\fastfood_project\\fastfood_backend\\src\\Middleware\\logger.js":{"path":"D:\\projects\\web projects\\fastfood_project\\fastfood_backend\\src\\Middleware\\logger.js","statementMap":{"0":{"start":{"line":3,"column":0},"end":{"line":5,"column":3}},"1":{"start":{"line":6,"column":0},"end":{"line":6,"column":25}},"2":{"start":{"line":8,"column":15},"end":{"line":8,"column":33}},"3":{"start":{"line":10,"column":15},"end":{"line":18,"column":2}},"4":{"start":{"line":17,"column":40},"end":{"line":17,"column":100}},"5":{"start":{"line":19,"column":15},"end":{"line":19,"column":21}},"6":{"start":{"line":20,"column":0},"end":{"line":20,"column":27}}},"fnMap":{"0":{"name":"(anonymous_0)","decl":{"start":{"line":17,"column":29},"end":{"line":17,"column":30}},"loc":{"start":{"line":17,"column":40},"end":{"line":17,"column":100}},"line":17}},"branchMap":{},"s":{"0":1,"1":1,"2":1,"3":1,"4":45,"5":1,"6":1},"f":{"0":45},"b":{},"inputSourceMap":{"version":3,"sources":["logger.js"],"names":["logger","transports","File","filename","level","Console","format","combine","timestamp","printf","message"],"mappings":";;;;;;;AAAA;;AAEA,MAAMA,MAAM,GAAG,2BAAa;AACxBC,EAAAA,UAAU,EAAE,CACR,IAAIA,oBAAWC,IAAf,CAAoB;AAACC,IAAAA,QAAQ,EAAC,gBAAV;AAA4BC,IAAAA,KAAK,EAAC;AAAlC,GAApB,CADQ,EAER,IAAIH,oBAAWI,OAAf,EAFQ,CADY;AAKxBC,EAAAA,MAAM,EAAEA,gBAAOC,OAAP,CACJD,gBAAOE,SAAP,CAAiB;AAACF,IAAAA,MAAM,EAAE;AAAT,GAAjB,CADI,EAEJA,gBAAOG,MAAP,CAAcC,OAAO,IAAI,GAAEA,OAAO,CAACN,KAAM,KAAIM,OAAO,CAACF,SAAU,KAAIE,OAAO,CAACA,OAAQ,EAAnF,CAFI;AALgB,CAAb,CAAf;eAWeV,M","sourceRoot":"D:\\projects\\web projects\\fastfood_project\\fastfood_backend\\src\\Middleware\\","sourcesContent":["import { createLogger, format, transports } from 'winston';\r\n\r\nconst logger = createLogger({\r\n    transports: [\r\n        new transports.File({filename:'logs/index.log', level:'error'}),\r\n        new transports.Console()\r\n    ],\r\n    format: format.combine(\r\n        format.timestamp({format: 'DD-MM-YYYY HH:mm:ss'}),\r\n        format.printf(message=> `${message.level}: ${message.timestamp}: ${message.message}`)\r\n    )\r\n})\r\n\r\nexport default logger;"]},"_coverageSchema":"1a1c01bbd47fc00a2c39e90264f33305004495a9","hash":"d561a4067c2377da5ac135cc2636d1b87850a82d","contentHash":"9e925afe596d2cac6e249bbbbce8d09f9e10929ab83f380b9ddff53384848f8b"},"D:\\projects\\web projects\\fastfood_project\\fastfood_backend\\src\\config\\cloudinaryConfig.js":{"path":"D:\\projects\\web projects\\fastfood_project\\fastfood_backend\\src\\config\\cloudinaryConfig.js","statementMap":{"0":{"start":{"line":3,"column":0},"end":{"line":5,"column":3}},"1":{"start":{"line":6,"column":0},"end":{"line":11,"column":3}},"2":{"start":{"line":9,"column":4},"end":{"line":9,"column":32}},"3":{"start":{"line":12,"column":0},"end":{"line":12,"column":34}},"4":{"start":{"line":14,"column":18},"end":{"line":14,"column":39}},"5":{"start":{"line":16,"column":14},"end":{"line":16,"column":55}},"6":{"start":{"line":18,"column":39},"end":{"line":18,"column":93}},"7":{"start":{"line":20,"column":0},"end":{"line":20,"column":25}},"8":{"start":{"line":22,"column":25},"end":{"line":29,"column":1}},"9":{"start":{"line":23,"column":2},"end":{"line":27,"column":5}},"10":{"start":{"line":28,"column":2},"end":{"line":28,"column":9}},"11":{"start":{"line":31,"column":0},"end":{"line":31,"column":44}}},"fnMap":{"0":{"name":"(anonymous_0)","decl":{"start":{"line":8,"column":7},"end":{"line":8,"column":8}},"loc":{"start":{"line":8,"column":19},"end":{"line":10,"column":3}},"line":8},"1":{"name":"_interopRequireDefault","decl":{"start":{"line":18,"column":9},"end":{"line":18,"column":31}},"loc":{"start":{"line":18,"column":37},"end":{"line":18,"column":95}},"line":18},"2":{"name":"(anonymous_2)","decl":{"start":{"line":22,"column":25},"end":{"line":22,"column":26}},"loc":{"start":{"line":22,"column":45},"end":{"line":29,"column":1}},"line":22}},"branchMap":{"0":{"loc":{"start":{"line":18,"column":46},"end":{"line":18,"column":92}},"type":"cond-expr","locations":[{"start":{"line":18,"column":70},"end":{"line":18,"column":73}},{"start":{"line":18,"column":76},"end":{"line":18,"column":92}}],"line":18},"1":{"loc":{"start":{"line":18,"column":46},"end":{"line":18,"column":67}},"type":"binary-expr","locations":[{"start":{"line":18,"column":46},"end":{"line":18,"column":49}},{"start":{"line":18,"column":53},"end":{"line":18,"column":67}}],"line":18}},"s":{"0":1,"1":1,"2":0,"3":1,"4":1,"5":1,"6":1,"7":1,"8":1,"9":26,"10":26,"11":1},"f":{"0":0,"1":1,"2":26},"b":{"0":[0,1],"1":[1,1]},"inputSourceMap":{"version":3,"sources":["cloudinaryConfig.js"],"names":["dotenv","config","cloudinaryConfig","req","res","next","cloud_name","process","env","CLOUDINARY_CLOUD_NAME","api_key","CLOUDINARY_API_KEY","api_secret","CLOUDINARY_API_SECRET"],"mappings":";;;;;;;;;;;;;AAAA;;AACA;;;;AACAA,gBAAOC,MAAP;;AAEA,MAAMC,gBAAgB,GAAG,CAACC,GAAD,EAAMC,GAAN,EAAWC,IAAX,KAAmB;AACvC,0BACI;AACDC,IAAAA,UAAU,EAAEC,OAAO,CAACC,GAAR,CAAYC,qBADvB;AAEDC,IAAAA,OAAO,EAAEH,OAAO,CAACC,GAAR,CAAYG,kBAFpB;AAGDC,IAAAA,UAAU,EAAEL,OAAO,CAACC,GAAR,CAAYK;AAHvB,GADJ;AAMGR,EAAAA,IAAI;AACP,CARL","sourceRoot":"D:\\projects\\web projects\\fastfood_project\\fastfood_backend\\src\\config\\","sourcesContent":["import { config, uploader } from \"cloudinary\";\r\nimport dotenv from 'dotenv';\r\ndotenv.config();\r\n\r\nconst cloudinaryConfig = (req, res, next) =>{\r\n     config(\r\n         {\r\n        cloud_name: process.env.CLOUDINARY_CLOUD_NAME,\r\n        api_key: process.env.CLOUDINARY_API_KEY,\r\n        api_secret: process.env.CLOUDINARY_API_SECRET\r\n        });\r\n        next();\r\n    }\r\n\r\nexport { cloudinaryConfig, uploader };"]},"_coverageSchema":"1a1c01bbd47fc00a2c39e90264f33305004495a9","hash":"55763d2194480c0aaa4a39c8f88c514c6a045d86","contentHash":"be293334e8f0617efa54aec5dd8d244da8afd8818de594637b59122cd413ddc1"},"D:\\projects\\web projects\\fastfood_project\\fastfood_backend\\src\\routes\\orders.js":{"path":"D:\\projects\\web projects\\fastfood_project\\fastfood_backend\\src\\routes\\orders.js","statementMap":{"0":{"start":{"line":3,"column":0},"end":{"line":5,"column":3}},"1":{"start":{"line":6,"column":0},"end":{"line":6,"column":25}},"2":{"start":{"line":8,"column":15},"end":{"line":8,"column":33}},"3":{"start":{"line":10,"column":14},"end":{"line":10,"column":72}},"4":{"start":{"line":12,"column":17},"end":{"line":12,"column":78}},"5":{"start":{"line":14,"column":39},"end":{"line":14,"column":93}},"6":{"start":{"line":16,"column":15},"end":{"line":16,"column":37}},"7":{"start":{"line":17,"column":0},"end":{"line":17,"column":82}},"8":{"start":{"line":18,"column":0},"end":{"line":18,"column":81}},"9":{"start":{"line":19,"column":0},"end":{"line":19,"column":84}},"10":{"start":{"line":20,"column":15},"end":{"line":20,"column":21}},"11":{"start":{"line":21,"column":0},"end":{"line":21,"column":27}}},"fnMap":{"0":{"name":"_interopRequireDefault","decl":{"start":{"line":14,"column":9},"end":{"line":14,"column":31}},"loc":{"start":{"line":14,"column":37},"end":{"line":14,"column":95}},"line":14}},"branchMap":{"0":{"loc":{"start":{"line":14,"column":46},"end":{"line":14,"column":92}},"type":"cond-expr","locations":[{"start":{"line":14,"column":70},"end":{"line":14,"column":73}},{"start":{"line":14,"column":76},"end":{"line":14,"column":92}}],"line":14},"1":{"loc":{"start":{"line":14,"column":46},"end":{"line":14,"column":67}},"type":"binary-expr","locations":[{"start":{"line":14,"column":46},"end":{"line":14,"column":49}},{"start":{"line":14,"column":53},"end":{"line":14,"column":67}}],"line":14}},"s":{"0":1,"1":1,"2":1,"3":1,"4":1,"5":2,"6":1,"7":1,"8":1,"9":1,"10":1,"11":1},"f":{"0":2},"b":{"0":[2,0],"1":[2,2]},"inputSourceMap":{"version":3,"sources":["orders.js"],"names":["router","get","orders","getOrderList","getOrder","patch","editOrder"],"mappings":";;;;;;;AAAA;;AACA;;AACA;;;;AAEA,MAAMA,MAAM,GAAG,sBAAf;AAEAA,MAAM,CAACC,GAAP,CAAW,GAAX,EAAgB,wBAAU,CAAC,OAAD,CAAV,CAAhB,EAAsCC,gBAAOC,YAA7C;AACAH,MAAM,CAACC,GAAP,CAAW,MAAX,EAAmB,wBAAU,CAAC,OAAD,CAAV,CAAnB,EAAyCC,gBAAOE,QAAhD;AACAJ,MAAM,CAACK,KAAP,CAAa,MAAb,EAAqB,wBAAU,CAAC,OAAD,CAAV,CAArB,EAA2CH,gBAAOI,SAAlD;eAEeN,M","sourceRoot":"D:\\projects\\web projects\\fastfood_project\\fastfood_backend\\src\\routes\\","sourcesContent":["import { Router } from \"express\";\r\nimport orders from \"../Controller/orders.js\";\r\nimport checkAuth from \"../Middleware/checkAuth.js\";\r\n\r\nconst router = Router();\r\n\r\nrouter.get('/', checkAuth([\"admin\"]), orders.getOrderList);\r\nrouter.get('/:id', checkAuth([\"admin\"]), orders.getOrder);\r\nrouter.patch('/:id', checkAuth([\"admin\"]), orders.editOrder);\r\n\r\nexport default router;"]},"_coverageSchema":"1a1c01bbd47fc00a2c39e90264f33305004495a9","hash":"db324c41d125edecd216914e5e935027309a535d","contentHash":"9fb9db86a3469971745d759db8734eac7c4f7d7841faa36f05648db2eaec7414"},"D:\\projects\\web projects\\fastfood_project\\fastfood_backend\\src\\Controller\\orders.js":{"path":"D:\\projects\\web projects\\fastfood_project\\fastfood_backend\\src\\Controller\\orders.js","statementMap":{"0":{"start":{"line":3,"column":0},"end":{"line":5,"column":3}},"1":{"start":{"line":6,"column":0},"end":{"line":6,"column":25}},"2":{"start":{"line":8,"column":14},"end":{"line":8,"column":72}},"3":{"start":{"line":10,"column":13},"end":{"line":10,"column":42}},"4":{"start":{"line":12,"column":39},"end":{"line":12,"column":93}},"5":{"start":{"line":15,"column":24},"end":{"line":29,"column":3}},"6":{"start":{"line":16,"column":4},"end":{"line":28,"column":5}},"7":{"start":{"line":17,"column":24},"end":{"line":17,"column":54}},"8":{"start":{"line":19,"column":6},"end":{"line":19,"column":63}},"9":{"start":{"line":21,"column":6},"end":{"line":21,"column":38}},"10":{"start":{"line":23,"column":6},"end":{"line":23,"column":67}},"11":{"start":{"line":25,"column":6},"end":{"line":27,"column":9}},"12":{"start":{"line":30,"column":20},"end":{"line":58,"column":3}},"13":{"start":{"line":31,"column":4},"end":{"line":57,"column":5}},"14":{"start":{"line":32,"column":20},"end":{"line":36,"column":8}},"15":{"start":{"line":38,"column":6},"end":{"line":44,"column":7}},"16":{"start":{"line":39,"column":8},"end":{"line":39,"column":50}},"17":{"start":{"line":41,"column":8},"end":{"line":43,"column":11}},"18":{"start":{"line":46,"column":6},"end":{"line":46,"column":66}},"19":{"start":{"line":48,"column":6},"end":{"line":50,"column":9}},"20":{"start":{"line":52,"column":6},"end":{"line":52,"column":69}},"21":{"start":{"line":54,"column":6},"end":{"line":56,"column":9}},"22":{"start":{"line":59,"column":21},"end":{"line":96,"column":3}},"23":{"start":{"line":60,"column":4},"end":{"line":95,"column":5}},"24":{"start":{"line":61,"column":19},"end":{"line":63,"column":7}},"25":{"start":{"line":64,"column":22},"end":{"line":68,"column":8}},"26":{"start":{"line":70,"column":6},"end":{"line":88,"column":7}},"27":{"start":{"line":71,"column":8},"end":{"line":71,"column":50}},"28":{"start":{"line":73,"column":8},"end":{"line":75,"column":11}},"29":{"start":{"line":77,"column":8},"end":{"line":81,"column":11}},"30":{"start":{"line":83,"column":8},"end":{"line":83,"column":68}},"31":{"start":{"line":85,"column":8},"end":{"line":87,"column":11}},"32":{"start":{"line":90,"column":6},"end":{"line":90,"column":73}},"33":{"start":{"line":92,"column":6},"end":{"line":94,"column":9}},"34":{"start":{"line":99,"column":0},"end":{"line":99,"column":25}}},"fnMap":{"0":{"name":"_interopRequireDefault","decl":{"start":{"line":12,"column":9},"end":{"line":12,"column":31}},"loc":{"start":{"line":12,"column":37},"end":{"line":12,"column":95}},"line":12},"1":{"name":"(anonymous_1)","decl":{"start":{"line":15,"column":24},"end":{"line":15,"column":25}},"loc":{"start":{"line":15,"column":44},"end":{"line":29,"column":3}},"line":15},"2":{"name":"(anonymous_2)","decl":{"start":{"line":30,"column":20},"end":{"line":30,"column":21}},"loc":{"start":{"line":30,"column":40},"end":{"line":58,"column":3}},"line":30},"3":{"name":"(anonymous_3)","decl":{"start":{"line":59,"column":21},"end":{"line":59,"column":22}},"loc":{"start":{"line":59,"column":41},"end":{"line":96,"column":3}},"line":59}},"branchMap":{"0":{"loc":{"start":{"line":12,"column":46},"end":{"line":12,"column":92}},"type":"cond-expr","locations":[{"start":{"line":12,"column":70},"end":{"line":12,"column":73}},{"start":{"line":12,"column":76},"end":{"line":12,"column":92}}],"line":12},"1":{"loc":{"start":{"line":12,"column":46},"end":{"line":12,"column":67}},"type":"binary-expr","locations":[{"start":{"line":12,"column":46},"end":{"line":12,"column":49}},{"start":{"line":12,"column":53},"end":{"line":12,"column":67}}],"line":12},"2":{"loc":{"start":{"line":38,"column":6},"end":{"line":44,"column":7}},"type":"if","locations":[{"start":{"line":38,"column":6},"end":{"line":44,"column":7}},{"start":{"line":38,"column":6},"end":{"line":44,"column":7}}],"line":38},"3":{"loc":{"start":{"line":38,"column":10},"end":{"line":38,"column":45}},"type":"binary-expr","locations":[{"start":{"line":38,"column":10},"end":{"line":38,"column":23}},{"start":{"line":38,"column":27},"end":{"line":38,"column":45}}],"line":38},"4":{"loc":{"start":{"line":70,"column":6},"end":{"line":88,"column":7}},"type":"if","locations":[{"start":{"line":70,"column":6},"end":{"line":88,"column":7}},{"start":{"line":70,"column":6},"end":{"line":88,"column":7}}],"line":70},"5":{"loc":{"start":{"line":70,"column":10},"end":{"line":70,"column":49}},"type":"binary-expr","locations":[{"start":{"line":70,"column":10},"end":{"line":70,"column":25}},{"start":{"line":70,"column":29},"end":{"line":70,"column":49}}],"line":70}},"s":{"0":1,"1":1,"2":1,"3":1,"4":1,"5":1,"6":1,"7":1,"8":1,"9":1,"10":0,"11":0,"12":1,"13":2,"14":2,"15":1,"16":0,"17":0,"18":1,"19":1,"20":1,"21":1,"22":1,"23":2,"24":2,"25":2,"26":1,"27":0,"28":0,"29":1,"30":1,"31":1,"32":1,"33":1,"34":1},"f":{"0":1,"1":1,"2":2,"3":2},"b":{"0":[1,0],"1":[1,1],"2":[0,1],"3":[1,1],"4":[0,1],"5":[1,1]},"inputSourceMap":{"version":3,"sources":["orders.js"],"names":["orders","getOrderList","req","res","orderlist","Order","findAll","logger","info","status","json","error","message","getOrder","order","findOne","where","id","params","undefined","editOrder","data","orderID","update"],"mappings":";;;;;;;AAAA;;AACA;;;;AAEe,MAAMA,MAAN,CAAY;AAEJ,SAAZC,YAAY,GAAG,OAAMC,GAAN,EAAWC,GAAX,KAAiB;AACnC,QAAI;AACA,YAAMC,SAAS,GAAG,MAAMC,aAAMC,OAAN,CAAc,EAAd,CAAxB;;AACAC,sBAAOC,IAAP,CAAY,kCAAZ;;AACAL,MAAAA,GAAG,CAACM,MAAJ,CAAW,GAAX,EAAgBC,IAAhB,CAAqBN,SAArB;AACH,KAJD,CAKA,OAAOO,KAAP,EAAc;AACVJ,sBAAOI,KAAP,CAAa,8BAAb,EAA4CA,KAA5C;;AACAR,MAAAA,GAAG,CAACM,MAAJ,CAAW,GAAX,EAAgBC,IAAhB,CAAqB;AAACC,QAAAA,KAAK,EAAEA,KAAK,CAACC;AAAd,OAArB;AACH;AACJ,GAVkB;AAYJ,SAARC,QAAQ,GAAG,OAAMX,GAAN,EAAWC,GAAX,KAAiB;AAC/B,QAAI;AACA,YAAMW,KAAK,GAAG,MAAMT,aAAMU,OAAN,CAAc;AAACC,QAAAA,KAAK,EAAC;AAACC,UAAAA,EAAE,EAAEf,GAAG,CAACgB,MAAJ,CAAWD;AAAhB;AAAP,OAAd,CAApB;;AACA,UAAGH,KAAK,IAAI,IAAT,IAAiBA,KAAK,IAAIK,SAA7B,EAAuC;AACnCZ,wBAAOI,KAAP,CAAa,kBAAb;;AACA,eAAOR,GAAG,CAACM,MAAJ,CAAW,GAAX,EAAgBC,IAAhB,CAAqB;AAACC,UAAAA,KAAK,EAAE;AAAR,SAArB,CAAP;AACH;;AACDJ,sBAAOC,IAAP,CAAY,qCAAZ;;AACAL,MAAAA,GAAG,CAACM,MAAJ,CAAW,GAAX,EAAgBC,IAAhB,CAAqB;AAACI,QAAAA,KAAK,EAAEA;AAAR,OAArB;AACH,KARD,CASA,OAAOH,KAAP,EAAc;AACVJ,sBAAOI,KAAP,CAAa,gCAAb,EAA8CA,KAA9C;;AACAR,MAAAA,GAAG,CAACM,MAAJ,CAAW,GAAX,EAAgBC,IAAhB,CAAqB;AAACC,QAAAA,KAAK,EAAEA,KAAK,CAACC;AAAd,OAArB;AACH;AACJ,GAdc;AAgBC,SAATQ,SAAS,GAAG,OAAMlB,GAAN,EAAWC,GAAX,KAAiB;AAChC,QAAI;AACA,YAAMkB,IAAI,GAAG;AAACZ,QAAAA,MAAM,EAAE;AAAT,OAAb;AACA,YAAMa,OAAO,GAAG,MAAMjB,aAAMU,OAAN,CAAc;AAACC,QAAAA,KAAK,EAAC;AAACC,UAAAA,EAAE,EAAEf,GAAG,CAACgB,MAAJ,CAAWD;AAAhB;AAAP,OAAd,CAAtB;;AACA,UAAGK,OAAO,IAAI,IAAX,IAAmBA,OAAO,IAAIH,SAAjC,EAA2C;AACvCZ,wBAAOI,KAAP,CAAa,kBAAb;;AACA,eAAOR,GAAG,CAACM,MAAJ,CAAW,GAAX,EAAgBC,IAAhB,CAAqB;AAACC,UAAAA,KAAK,EAAE;AAAR,SAArB,CAAP;AACH,OAHD,MAII;AACA,cAAMN,aAAMkB,MAAN,CAAaF,IAAb,EAAmB;AAACL,UAAAA,KAAK,EAAC;AAACC,YAAAA,EAAE,EAAEf,GAAG,CAACgB,MAAJ,CAAWD;AAAhB;AAAP,SAAnB,CAAN;;AACAV,wBAAOC,IAAP,CAAa,qCAAb;;AACA,eAAOL,GAAG,CAACM,MAAJ,CAAW,GAAX,EAAgBC,IAAhB,CAAqB;AAACE,UAAAA,OAAO,EAAG;AAAX,SAArB,CAAP;AACH;AACJ,KAZD,CAaA,OAAOD,KAAP,EAAc;AACVJ,sBAAOI,KAAP,CAAa,oCAAb,EAAkDA,KAAlD;;AACAR,MAAAA,GAAG,CAACM,MAAJ,CAAW,GAAX,EAAgBC,IAAhB,CAAqB;AAACC,QAAAA,KAAK,EAAEA,KAAK,CAACC;AAAd,OAArB;AACH;AACJ,GAlBe;AA9BO","sourceRoot":"D:\\projects\\web projects\\fastfood_project\\fastfood_backend\\src\\Controller\\","sourcesContent":["import logger from \"../Middleware/logger.js\";\r\nimport {Order} from \"../models/index.js\";\r\n\r\nexport default class orders{\r\n\r\n    static getOrderList = async(req, res)=>{\r\n        try {\r\n            const orderlist = await Order.findAll({});\r\n            logger.info('this is a list of all the orders');\r\n            res.status(200).json(orderlist);\r\n        } \r\n        catch (error) {\r\n            logger.error('failed to get list of orders',error);\r\n            res.status(500).json({error: error.message});\r\n        }\r\n    }\r\n\r\n    static getOrder = async(req, res)=>{\r\n        try {\r\n            const order = await Order.findOne({where:{id: req.params.id}})\r\n            if(order == null || order == undefined){\r\n                logger.error('invalid order ID');\r\n                return res.status(500).json({error: 'failed to get order'});\r\n            }\r\n            logger.info('this is an individual order request');\r\n            res.status(200).json({order: order});\r\n        } \r\n        catch (error) {\r\n            logger.error('failed to get individual order',error);\r\n            res.status(500).json({error: error.message});\r\n        }\r\n    }\r\n\r\n    static editOrder = async(req, res)=>{\r\n        try {\r\n            const data = {status: true}\r\n            const orderID = await Order.findOne({where:{id: req.params.id}})\r\n            if(orderID == null || orderID == undefined){\r\n                logger.error('invalid order ID');\r\n                return res.status(500).json({error: 'failed to get order'});\r\n            }\r\n            else{\r\n                await Order.update(data, {where:{id: req.params.id}})\r\n                logger.info(`food has been successfully updated!`);\r\n                return res.status(200).json({message: `food has been successfully updated!`});\r\n            }\r\n        } \r\n        catch (error) {\r\n            logger.error('failed to update individual order,',error);\r\n            res.status(500).json({error: error.message});\r\n        }\r\n    }\r\n}"]},"_coverageSchema":"1a1c01bbd47fc00a2c39e90264f33305004495a9","hash":"3e7657ccc7f3a37ccc1edafc76798a0277355af1","contentHash":"9b2867ee75689c34ee6e19bf380450b2913098faf6096a7533971b493a24d11b"},"D:\\projects\\web projects\\fastfood_project\\fastfood_backend\\src\\models\\index.js":{"path":"D:\\projects\\web projects\\fastfood_project\\fastfood_backend\\src\\models\\index.js","statementMap":{"0":{"start":{"line":3,"column":0},"end":{"line":5,"column":3}},"1":{"start":{"line":6,"column":0},"end":{"line":11,"column":3}},"2":{"start":{"line":9,"column":4},"end":{"line":9,"column":25}},"3":{"start":{"line":12,"column":0},"end":{"line":17,"column":3}},"4":{"start":{"line":15,"column":4},"end":{"line":15,"column":26}},"5":{"start":{"line":18,"column":0},"end":{"line":23,"column":3}},"6":{"start":{"line":21,"column":4},"end":{"line":21,"column":25}},"7":{"start":{"line":25,"column":12},"end":{"line":25,"column":56}},"8":{"start":{"line":27,"column":13},"end":{"line":27,"column":58}},"9":{"start":{"line":29,"column":12},"end":{"line":29,"column":56}},"10":{"start":{"line":31,"column":39},"end":{"line":31,"column":93}},"11":{"start":{"line":33,"column":0},"end":{"line":33,"column":38}},"12":{"start":{"line":35,"column":0},"end":{"line":35,"column":40}},"13":{"start":{"line":37,"column":0},"end":{"line":37,"column":38}},"14":{"start":{"line":39,"column":0},"end":{"line":39,"column":40}}},"fnMap":{"0":{"name":"(anonymous_0)","decl":{"start":{"line":8,"column":7},"end":{"line":8,"column":8}},"loc":{"start":{"line":8,"column":19},"end":{"line":10,"column":3}},"line":8},"1":{"name":"(anonymous_1)","decl":{"start":{"line":14,"column":7},"end":{"line":14,"column":8}},"loc":{"start":{"line":14,"column":19},"end":{"line":16,"column":3}},"line":14},"2":{"name":"(anonymous_2)","decl":{"start":{"line":20,"column":7},"end":{"line":20,"column":8}},"loc":{"start":{"line":20,"column":19},"end":{"line":22,"column":3}},"line":20},"3":{"name":"_interopRequireDefault","decl":{"start":{"line":31,"column":9},"end":{"line":31,"column":31}},"loc":{"start":{"line":31,"column":37},"end":{"line":31,"column":95}},"line":31}},"branchMap":{"0":{"loc":{"start":{"line":31,"column":46},"end":{"line":31,"column":92}},"type":"cond-expr","locations":[{"start":{"line":31,"column":70},"end":{"line":31,"column":73}},{"start":{"line":31,"column":76},"end":{"line":31,"column":92}}],"line":31},"1":{"loc":{"start":{"line":31,"column":46},"end":{"line":31,"column":67}},"type":"binary-expr","locations":[{"start":{"line":31,"column":46},"end":{"line":31,"column":49}},{"start":{"line":31,"column":53},"end":{"line":31,"column":67}}],"line":31}},"s":{"0":1,"1":1,"2":17,"3":1,"4":10,"5":1,"6":13,"7":1,"8":1,"9":1,"10":3,"11":1,"12":1,"13":1,"14":1},"f":{"0":17,"1":10,"2":13,"3":3},"b":{"0":[3,0],"1":[3,3]},"inputSourceMap":{"version":3,"sources":["index.js"],"names":["User","hasMany","Order","belongsTo","Food"],"mappings":";;;;;;;;;;;;;;;;;;;;;;;;AAAA;;AACA;;AACA;;;;AAEAA,cAAKC,OAAL,CAAaC,cAAb;;AACAA,eAAMC,SAAN,CAAgBH,aAAhB;;AAEAI,cAAKH,OAAL,CAAaC,cAAb;;AACAA,eAAMC,SAAN,CAAgBC,aAAhB","sourceRoot":"D:\\projects\\web projects\\fastfood_project\\fastfood_backend\\src\\models\\","sourcesContent":["import Food from \"./food.js\";\r\nimport Order from \"./order.js\";\r\nimport User from \"./user.js\";\r\n\r\nUser.hasMany(Order);\r\nOrder.belongsTo(User);\r\n\r\nFood.hasMany(Order);\r\nOrder.belongsTo(Food);\r\n\r\nexport {Food, Order, User};"]},"_coverageSchema":"1a1c01bbd47fc00a2c39e90264f33305004495a9","hash":"4697e9554e811f4c3b013823c623ddbce67fba57","contentHash":"9c5fe6be65936f8717051ef90456f805aab5bc42ae75fd44e512dd1a33f151a0"},"D:\\projects\\web projects\\fastfood_project\\fastfood_backend\\src\\models\\food.js":{"path":"D:\\projects\\web projects\\fastfood_project\\fastfood_backend\\src\\models\\food.js","statementMap":{"0":{"start":{"line":3,"column":0},"end":{"line":5,"column":3}},"1":{"start":{"line":6,"column":0},"end":{"line":6,"column":25}},"2":{"start":{"line":8,"column":10},"end":{"line":8,"column":52}},"3":{"start":{"line":10,"column":17},"end":{"line":10,"column":61}},"4":{"start":{"line":12,"column":39},"end":{"line":12,"column":93}},"5":{"start":{"line":14,"column":13},"end":{"line":39,"column":2}},"6":{"start":{"line":41,"column":15},"end":{"line":41,"column":19}},"7":{"start":{"line":42,"column":0},"end":{"line":42,"column":27}}},"fnMap":{"0":{"name":"_interopRequireDefault","decl":{"start":{"line":12,"column":9},"end":{"line":12,"column":31}},"loc":{"start":{"line":12,"column":37},"end":{"line":12,"column":95}},"line":12}},"branchMap":{"0":{"loc":{"start":{"line":12,"column":46},"end":{"line":12,"column":92}},"type":"cond-expr","locations":[{"start":{"line":12,"column":70},"end":{"line":12,"column":73}},{"start":{"line":12,"column":76},"end":{"line":12,"column":92}}],"line":12},"1":{"loc":{"start":{"line":12,"column":46},"end":{"line":12,"column":67}},"type":"binary-expr","locations":[{"start":{"line":12,"column":46},"end":{"line":12,"column":49}},{"start":{"line":12,"column":53},"end":{"line":12,"column":67}}],"line":12}},"s":{"0":1,"1":1,"2":1,"3":1,"4":2,"5":1,"6":1,"7":1},"f":{"0":2},"b":{"0":[1,1],"1":[2,2]},"inputSourceMap":{"version":3,"sources":["food.js"],"names":["Food","sequelize","define","id","type","Sequelize","UUID","defaultValue","UUIDV1","primaryKey","allowNull","name","STRING","price","INTEGER","image_id","image_URL","timestamps"],"mappings":";;;;;;;AAAA;;AACA;;;;AAEA,MAAMA,IAAI,GAAGC,YAAUC,MAAV,CAAiB,MAAjB,EAAwB;AACjCC,EAAAA,EAAE,EAAC;AACCC,IAAAA,IAAI,EAAEC,mBAAUC,IADjB;AAECC,IAAAA,YAAY,EAAEF,mBAAUG,MAFzB;AAGCC,IAAAA,UAAU,EAAE,IAHb;AAICC,IAAAA,SAAS,EAAE;AAJZ,GAD8B;AAOjCC,EAAAA,IAAI,EAAC;AACDP,IAAAA,IAAI,EAAEC,mBAAUO,MADf;AAEDF,IAAAA,SAAS,EAAE;AAFV,GAP4B;AAWjCG,EAAAA,KAAK,EAAC;AACFT,IAAAA,IAAI,EAAEC,mBAAUS,OADd;AAEFJ,IAAAA,SAAS,EAAE;AAFT,GAX2B;AAejCK,EAAAA,QAAQ,EAAC;AACLX,IAAAA,IAAI,EAAEC,mBAAUO,MADX;AAELF,IAAAA,SAAS,EAAE;AAFN,GAfwB;AAmBjCM,EAAAA,SAAS,EAAC;AACNZ,IAAAA,IAAI,EAAEC,mBAAUO,MADV;AAENF,IAAAA,SAAS,EAAE;AAFL;AAnBuB,CAAxB,EAuBX;AAACO,EAAAA,UAAU,EAAE;AAAb,CAvBW,CAAb;;eAyBejB,I","sourceRoot":"D:\\projects\\web projects\\fastfood_project\\fastfood_backend\\src\\models\\","sourcesContent":["import sequelize from \"./db.js\";\r\nimport Sequelize from 'sequelize';\r\n\r\nconst Food = sequelize.define('food',{\r\n    id:{\r\n        type: Sequelize.UUID,\r\n        defaultValue: Sequelize.UUIDV1,\r\n        primaryKey: true,\r\n        allowNull: false\r\n    },\r\n    name:{\r\n        type: Sequelize.STRING,\r\n        allowNull: false\r\n    },\r\n    price:{\r\n        type: Sequelize.INTEGER,\r\n        allowNull: false\r\n    },\r\n    image_id:{\r\n        type: Sequelize.STRING,\r\n        allowNull: true\r\n    },\r\n    image_URL:{\r\n        type: Sequelize.STRING,\r\n        allowNull: true\r\n    }\r\n},{timestamps: false});\r\n\r\nexport default Food;"]},"_coverageSchema":"1a1c01bbd47fc00a2c39e90264f33305004495a9","hash":"b9666c74e79cf424de7d703a9f51bd50bffe6afd","contentHash":"7faa1d1b10af0a3f94ea2ee8e610f331e457b09dd77dfd4e046ebcfd46bad853"},"D:\\projects\\web projects\\fastfood_project\\fastfood_backend\\src\\models\\db.js":{"path":"D:\\projects\\web projects\\fastfood_project\\fastfood_backend\\src\\models\\db.js","statementMap":{"0":{"start":{"line":3,"column":0},"end":{"line":5,"column":3}},"1":{"start":{"line":6,"column":0},"end":{"line":6,"column":25}},"2":{"start":{"line":8,"column":14},"end":{"line":8,"column":72}},"3":{"start":{"line":10,"column":17},"end":{"line":10,"column":61}},"4":{"start":{"line":12,"column":14},"end":{"line":12,"column":55}},"5":{"start":{"line":14,"column":39},"end":{"line":14,"column":93}},"6":{"start":{"line":16,"column":0},"end":{"line":16,"column":25}},"7":{"start":{"line":18,"column":25},"end":{"line":18,"column":49}},"8":{"start":{"line":19,"column":18},"end":{"line":19,"column":161}},"9":{"start":{"line":20,"column":19},"end":{"line":20,"column":109}},"10":{"start":{"line":21,"column":13},"end":{"line":26,"column":1}},"11":{"start":{"line":27,"column":12},"end":{"line":30,"column":1}},"12":{"start":{"line":33,"column":18},"end":{"line":68,"column":1}},"13":{"start":{"line":34,"column":2},"end":{"line":67,"column":3}},"14":{"start":{"line":35,"column":4},"end":{"line":58,"column":5}},"15":{"start":{"line":36,"column":6},"end":{"line":38,"column":9}},"16":{"start":{"line":40,"column":6},"end":{"line":40,"column":64}},"17":{"start":{"line":41,"column":11},"end":{"line":58,"column":5}},"18":{"start":{"line":42,"column":6},"end":{"line":49,"column":9}},"19":{"start":{"line":51,"column":6},"end":{"line":51,"column":70}},"20":{"start":{"line":53,"column":6},"end":{"line":55,"column":9}},"21":{"start":{"line":57,"column":6},"end":{"line":57,"column":59}},"22":{"start":{"line":60,"column":4},"end":{"line":60,"column":35}},"23":{"start":{"line":62,"column":4},"end":{"line":64,"column":5}},"24":{"start":{"line":63,"column":6},"end":{"line":63,"column":25}},"25":{"start":{"line":66,"column":4},"end":{"line":66,"column":67}},"26":{"start":{"line":70,"column":0},"end":{"line":70,"column":12}},"27":{"start":{"line":71,"column":15},"end":{"line":71,"column":24}},"28":{"start":{"line":72,"column":0},"end":{"line":72,"column":27}}},"fnMap":{"0":{"name":"_interopRequireDefault","decl":{"start":{"line":14,"column":9},"end":{"line":14,"column":31}},"loc":{"start":{"line":14,"column":37},"end":{"line":14,"column":95}},"line":14},"1":{"name":"(anonymous_1)","decl":{"start":{"line":33,"column":18},"end":{"line":33,"column":19}},"loc":{"start":{"line":33,"column":30},"end":{"line":68,"column":1}},"line":33}},"branchMap":{"0":{"loc":{"start":{"line":14,"column":46},"end":{"line":14,"column":92}},"type":"cond-expr","locations":[{"start":{"line":14,"column":70},"end":{"line":14,"column":73}},{"start":{"line":14,"column":76},"end":{"line":14,"column":92}}],"line":14},"1":{"loc":{"start":{"line":14,"column":46},"end":{"line":14,"column":67}},"type":"binary-expr","locations":[{"start":{"line":14,"column":46},"end":{"line":14,"column":49}},{"start":{"line":14,"column":53},"end":{"line":14,"column":67}}],"line":14},"2":{"loc":{"start":{"line":35,"column":4},"end":{"line":58,"column":5}},"type":"if","locations":[{"start":{"line":35,"column":4},"end":{"line":58,"column":5}},{"start":{"line":35,"column":4},"end":{"line":58,"column":5}}],"line":35},"3":{"loc":{"start":{"line":41,"column":11},"end":{"line":58,"column":5}},"type":"if","locations":[{"start":{"line":41,"column":11},"end":{"line":58,"column":5}},{"start":{"line":41,"column":11},"end":{"line":58,"column":5}}],"line":41},"4":{"loc":{"start":{"line":62,"column":4},"end":{"line":64,"column":5}},"type":"if","locations":[{"start":{"line":62,"column":4},"end":{"line":64,"column":5}},{"start":{"line":62,"column":4},"end":{"line":64,"column":5}}],"line":62}},"s":{"0":1,"1":1,"2":1,"3":1,"4":1,"5":3,"6":1,"7":1,"8":1,"9":1,"10":1,"11":1,"12":1,"13":1,"14":1,"15":1,"16":1,"17":0,"18":0,"19":0,"20":0,"21":0,"22":1,"23":1,"24":0,"25":0,"26":1,"27":1,"28":1},"f":{"0":3,"1":1},"b":{"0":[1,2],"1":[3,3],"2":[1,0],"3":[0,0],"4":[0,1]},"inputSourceMap":{"version":3,"sources":["db.js"],"names":["dotenv","config","productionConfig","process","env","DATABASE_URL","devConfig","PG_USERNAME","PG_PASSWORD","PG_HOST","PG_PORT","PG_DEV_DATABASE","testConfig","pool","max","min","acquire","idle","ssl","require","rejectUnauthorized","sequelize","connectDB","NODE_ENV","Sequelize","logger","info","dialectOptions","authenticate","sync","error"],"mappings":";;;;;;;AAAA;;AACA;;AACA;;;;AACAA,gBAAOC,MAAP;;AAEA,MAAMC,gBAAgB,GAAEC,OAAO,CAACC,GAAR,CAAYC,YAApC;AACA,MAAMC,SAAS,GAAI,cAAaH,OAAO,CAACC,GAAR,CAAYG,WAAY,IAAGJ,OAAO,CAACC,GAAR,CAAYI,WAAY,IAAGL,OAAO,CAACC,GAAR,CAAYK,OAAQ,IAAGN,OAAO,CAACC,GAAR,CAAYM,OAAQ,IAAGP,OAAO,CAACC,GAAR,CAAYO,eAAgB,EAAhK;AACA,MAAMC,UAAU,GAAI,cAAaT,OAAO,CAACC,GAAR,CAAYG,WAAY,IAAGJ,OAAO,CAACC,GAAR,CAAYI,WAAY,0BAApF;AAEA,MAAMK,IAAI,GAAG;AACTC,EAAAA,GAAG,EAAE,CADI;AAETC,EAAAA,GAAG,EAAE,CAFI;AAGTC,EAAAA,OAAO,EAAE,IAHA;AAITC,EAAAA,IAAI,EAAE;AAJG,CAAb;AAMA,MAAMC,GAAG,GAAG;AACRC,EAAAA,OAAO,EAAE,IADD;AAERC,EAAAA,kBAAkB,EAAE;AAFZ,CAAZ;AAIA,IAAIC,SAAJ;;AAEA,MAAMC,SAAS,GAAG,YAAW;AACzB,MAAI;AACA,QAAGnB,OAAO,CAACC,GAAR,CAAYmB,QAAZ,KAAuB,MAA1B,EAAiC;AAC7BF,MAAAA,SAAS,GAAG,IAAIG,kBAAJ,CAAcZ,UAAd,EAAyB;AAACC,QAAAA,IAAI,EAAEA;AAAP,OAAzB,CAAZ;;AACAY,sBAAOC,IAAP,CAAY,mCAAZ;AACH,KAHD,MAIK,IAAGvB,OAAO,CAACC,GAAR,CAAYmB,QAAZ,KAAuB,YAA1B,EAAuC;AACxCF,MAAAA,SAAS,GAAG,IAAIG,kBAAJ,CAActB,gBAAd,EAA+B;AACvCW,QAAAA,IAAI,EAAEA,IADiC;AAEvCc,QAAAA,cAAc,EAAE;AAACT,UAAAA,GAAG,EAAE;AAACE,YAAAA,kBAAkB,EAAE;AAArB;AAAN;AAFuB,OAA/B,CAAZ;;AAIAK,sBAAOC,IAAP,CAAY,yCAAZ;AACH,KANI,MAOD;AACAL,MAAAA,SAAS,GAAG,IAAIG,kBAAJ,CAAclB,SAAd,EAAwB;AAACO,QAAAA,IAAI,EAAEA;AAAP,OAAxB,CAAZ;;AACAY,sBAAOC,IAAP,CAAY,8BAAZ;AACH;;AACD,UAAML,SAAS,CAACO,YAAV,EAAN;;AACA,QAAGzB,OAAO,CAACC,GAAR,CAAYmB,QAAZ,KAAyB,MAA5B,EAAmC;AAC/BF,MAAAA,SAAS,CAACQ,IAAV,CAAe,EAAf;AACH;AACJ,GApBD,CAqBA,OAAOC,KAAP,EAAc;AACVL,oBAAOK,KAAP,CAAa,gCAAb,EAA+CA,KAA/C;AAEH;AACJ,CA1BD;;AA2BAR,SAAS;eAEMD,S","sourceRoot":"D:\\projects\\web projects\\fastfood_project\\fastfood_backend\\src\\models\\","sourcesContent":["import logger from '../Middleware/logger.js';\r\nimport Sequelize from 'sequelize';\r\nimport dotenv from 'dotenv';\r\ndotenv.config();\r\n\r\nconst productionConfig= process.env.DATABASE_URL;\r\nconst devConfig = `postgres://${process.env.PG_USERNAME}:${process.env.PG_PASSWORD}@${process.env.PG_HOST}:${process.env.PG_PORT}/${process.env.PG_DEV_DATABASE}`;\r\nconst testConfig = `postgres://${process.env.PG_USERNAME}:${process.env.PG_PASSWORD}@localhost:5432/postgres`;\r\n    \r\nconst pool = {\r\n    max: 5,\r\n    min: 0,\r\n    acquire: 3000,\r\n    idle: 1000\r\n}\r\nconst ssl = {\r\n    require: true,\r\n    rejectUnauthorized: false\r\n}\r\nlet sequelize;\r\n\r\nconst connectDB = async() => {\r\n    try {\r\n        if(process.env.NODE_ENV==='test'){\r\n            sequelize = new Sequelize(testConfig,{pool: pool});\r\n            logger.info(\"connection to test database made!\");\r\n        }\r\n        else if(process.env.NODE_ENV==='production'){\r\n            sequelize = new Sequelize(productionConfig,{\r\n                pool: pool, \r\n                dialectOptions: {ssl: {rejectUnauthorized: false}}\r\n            });\r\n            logger.info(\"connection to production database made!\");\r\n        }\r\n        else{\r\n            sequelize = new Sequelize(devConfig,{pool: pool});\r\n            logger.info(\"connection to database made!\");\r\n        }\r\n        await sequelize.authenticate();\r\n        if(process.env.NODE_ENV !== 'test'){\r\n            sequelize.sync({});\r\n        }\r\n    } \r\n    catch (error) {\r\n        logger.error(\"connection to database failed!\", error);\r\n        \r\n    }\r\n}\r\nconnectDB();\r\n    \r\nexport default sequelize;\r\n\r\n\r\n"]},"_coverageSchema":"1a1c01bbd47fc00a2c39e90264f33305004495a9","hash":"1471a626dee192035c2117b9b21ba51cb553de4d","contentHash":"dde05f783cc3763c1b2fe0e0b6800f9815554c0dee6099864a6e33c494d3f9c5"},"D:\\projects\\web projects\\fastfood_project\\fastfood_backend\\src\\models\\order.js":{"path":"D:\\projects\\web projects\\fastfood_project\\fastfood_backend\\src\\models\\order.js","statementMap":{"0":{"start":{"line":3,"column":0},"end":{"line":5,"column":3}},"1":{"start":{"line":6,"column":0},"end":{"line":6,"column":25}},"2":{"start":{"line":8,"column":10},"end":{"line":8,"column":52}},"3":{"start":{"line":10,"column":17},"end":{"line":10,"column":61}},"4":{"start":{"line":12,"column":39},"end":{"line":12,"column":93}},"5":{"start":{"line":14,"column":14},"end":{"line":43,"column":2}},"6":{"start":{"line":45,"column":15},"end":{"line":45,"column":20}},"7":{"start":{"line":46,"column":0},"end":{"line":46,"column":27}}},"fnMap":{"0":{"name":"_interopRequireDefault","decl":{"start":{"line":12,"column":9},"end":{"line":12,"column":31}},"loc":{"start":{"line":12,"column":37},"end":{"line":12,"column":95}},"line":12}},"branchMap":{"0":{"loc":{"start":{"line":12,"column":46},"end":{"line":12,"column":92}},"type":"cond-expr","locations":[{"start":{"line":12,"column":70},"end":{"line":12,"column":73}},{"start":{"line":12,"column":76},"end":{"line":12,"column":92}}],"line":12},"1":{"loc":{"start":{"line":12,"column":46},"end":{"line":12,"column":67}},"type":"binary-expr","locations":[{"start":{"line":12,"column":46},"end":{"line":12,"column":49}},{"start":{"line":12,"column":53},"end":{"line":12,"column":67}}],"line":12}},"s":{"0":1,"1":1,"2":1,"3":1,"4":2,"5":1,"6":1,"7":1},"f":{"0":2},"b":{"0":[1,1],"1":[2,2]},"inputSourceMap":{"version":3,"sources":["order.js"],"names":["Order","sequelize","define","id","type","Sequelize","UUID","primaryKey","defaultValue","UUIDV1","allowNull","name","STRING","unit_Price","INTEGER","quantity","price","status","BOOLEAN","timestamps"],"mappings":";;;;;;;AAAA;;AACA;;;;AAEA,MAAMA,KAAK,GAAGC,YAAUC,MAAV,CAAiB,QAAjB,EAA0B;AACpCC,EAAAA,EAAE,EAAC;AACCC,IAAAA,IAAI,EAAEC,mBAAUC,IADjB;AAECC,IAAAA,UAAU,EAAE,IAFb;AAGCC,IAAAA,YAAY,EAAEH,mBAAUI,MAHzB;AAICC,IAAAA,SAAS,EAAE;AAJZ,GADiC;AAOpCC,EAAAA,IAAI,EAAC;AACDP,IAAAA,IAAI,EAAEC,mBAAUO,MADf;AAEDF,IAAAA,SAAS,EAAE;AAFV,GAP+B;AAWpCG,EAAAA,UAAU,EAAC;AACPT,IAAAA,IAAI,EAAEC,mBAAUS,OADT;AAEPJ,IAAAA,SAAS,EAAE;AAFJ,GAXyB;AAepCK,EAAAA,QAAQ,EAAC;AACLX,IAAAA,IAAI,EAAEC,mBAAUS,OADX;AAELJ,IAAAA,SAAS,EAAE;AAFN,GAf2B;AAmBpCM,EAAAA,KAAK,EAAC;AACFZ,IAAAA,IAAI,EAAEC,mBAAUS,OADd;AAEFJ,IAAAA,SAAS,EAAE;AAFT,GAnB8B;AAuBpCO,EAAAA,MAAM,EAAC;AACHb,IAAAA,IAAI,EAAEC,mBAAUa,OADb;AAEHR,IAAAA,SAAS,EAAE;AAFR;AAvB6B,CAA1B,EA4BX;AAACS,EAAAA,UAAU,EAAE;AAAb,CA5BW,CAAd;;eA8BenB,K","sourceRoot":"D:\\projects\\web projects\\fastfood_project\\fastfood_backend\\src\\models\\","sourcesContent":["import sequelize from \"./db.js\";\r\nimport Sequelize from 'sequelize';\r\n\r\nconst Order = sequelize.define(\"orders\",{\r\n    id:{\r\n        type: Sequelize.UUID,\r\n        primaryKey: true,\r\n        defaultValue: Sequelize.UUIDV1,\r\n        allowNull: false\r\n    },\r\n    name:{\r\n        type: Sequelize.STRING,\r\n        allowNull: false\r\n    },\r\n    unit_Price:{\r\n        type: Sequelize.INTEGER,\r\n        allowNull: false\r\n    },\r\n    quantity:{\r\n        type: Sequelize.INTEGER,\r\n        allowNull: false\r\n    },\r\n    price:{\r\n        type: Sequelize.INTEGER,\r\n        allowNull: false\r\n    },\r\n    status:{\r\n        type: Sequelize.BOOLEAN,\r\n        allowNull: false\r\n    }\r\n\r\n}, {timestamps: false});\r\n\r\nexport default Order;\r\n"]},"_coverageSchema":"1a1c01bbd47fc00a2c39e90264f33305004495a9","hash":"3c4fb53c14fed96cd84295ba831b9aeb893ded53","contentHash":"cc1be3906e1d4f6373410d3b595ce81ba8b7750d198639dd34616abbb115b886"},"D:\\projects\\web projects\\fastfood_project\\fastfood_backend\\src\\models\\user.js":{"path":"D:\\projects\\web projects\\fastfood_project\\fastfood_backend\\src\\models\\user.js","statementMap":{"0":{"start":{"line":3,"column":0},"end":{"line":5,"column":3}},"1":{"start":{"line":6,"column":0},"end":{"line":6,"column":25}},"2":{"start":{"line":8,"column":10},"end":{"line":8,"column":52}},"3":{"start":{"line":10,"column":17},"end":{"line":10,"column":61}},"4":{"start":{"line":12,"column":39},"end":{"line":12,"column":93}},"5":{"start":{"line":14,"column":13},"end":{"line":35,"column":2}},"6":{"start":{"line":37,"column":15},"end":{"line":37,"column":19}},"7":{"start":{"line":38,"column":0},"end":{"line":38,"column":27}}},"fnMap":{"0":{"name":"_interopRequireDefault","decl":{"start":{"line":12,"column":9},"end":{"line":12,"column":31}},"loc":{"start":{"line":12,"column":37},"end":{"line":12,"column":95}},"line":12}},"branchMap":{"0":{"loc":{"start":{"line":12,"column":46},"end":{"line":12,"column":92}},"type":"cond-expr","locations":[{"start":{"line":12,"column":70},"end":{"line":12,"column":73}},{"start":{"line":12,"column":76},"end":{"line":12,"column":92}}],"line":12},"1":{"loc":{"start":{"line":12,"column":46},"end":{"line":12,"column":67}},"type":"binary-expr","locations":[{"start":{"line":12,"column":46},"end":{"line":12,"column":49}},{"start":{"line":12,"column":53},"end":{"line":12,"column":67}}],"line":12}},"s":{"0":1,"1":1,"2":1,"3":1,"4":2,"5":1,"6":1,"7":1},"f":{"0":2},"b":{"0":[1,1],"1":[2,2]},"inputSourceMap":{"version":3,"sources":["user.js"],"names":["User","sequelize","define","id","type","Sequelize","UUID","primaryKey","defaultValue","UUIDV1","allowNull","email","STRING","password","role","timestamps"],"mappings":";;;;;;;AAAA;;AACA;;;;AAEA,MAAMA,IAAI,GAAGC,YAAUC,MAAV,CAAiB,OAAjB,EAAyB;AAClCC,EAAAA,EAAE,EAAC;AACCC,IAAAA,IAAI,EAAEC,mBAAUC,IADjB;AAECC,IAAAA,UAAU,EAAE,IAFb;AAGCC,IAAAA,YAAY,EAAEH,mBAAUI,MAHzB;AAICC,IAAAA,SAAS,EAAE;AAJZ,GAD+B;AAOlCC,EAAAA,KAAK,EAAC;AACFP,IAAAA,IAAI,EAAEC,mBAAUO,MADd;AAEFF,IAAAA,SAAS,EAAE;AAFT,GAP4B;AAWlCG,EAAAA,QAAQ,EAAC;AACLT,IAAAA,IAAI,EAAEC,mBAAUO,MADX;AAELF,IAAAA,SAAS,EAAE;AAFN,GAXyB;AAelCI,EAAAA,IAAI,EAAC;AACDV,IAAAA,IAAI,EAAEC,mBAAUO,MADf;AAEDF,IAAAA,SAAS,EAAE;AAFV;AAf6B,CAAzB,EAmBV;AAACK,EAAAA,UAAU,EAAE;AAAb,CAnBU,CAAb;;eAsBef,I","sourceRoot":"D:\\projects\\web projects\\fastfood_project\\fastfood_backend\\src\\models\\","sourcesContent":["import sequelize from \"./db.js\";\r\nimport Sequelize from 'sequelize';\r\n\r\nconst User = sequelize.define(\"users\",{\r\n    id:{\r\n        type: Sequelize.UUID,\r\n        primaryKey: true,\r\n        defaultValue: Sequelize.UUIDV1,\r\n        allowNull: false\r\n    },\r\n    email:{\r\n        type: Sequelize.STRING,\r\n        allowNull: false\r\n    },\r\n    password:{\r\n        type: Sequelize.STRING,\r\n        allowNull: false\r\n    },\r\n    role:{\r\n        type: Sequelize.STRING,\r\n        allowNull: true\r\n    }\r\n}, {timestamps: false});\r\n\r\n\r\nexport default User;\r\n"]},"_coverageSchema":"1a1c01bbd47fc00a2c39e90264f33305004495a9","hash":"aa39b9d0b74be1016ce230f697fab3bffcf4e230","contentHash":"865fde66b10c6513df40944dd8d8d9f7bb0822725e28b169499d71b5d36918df"},"D:\\projects\\web projects\\fastfood_project\\fastfood_backend\\src\\Middleware\\checkAuth.js":{"path":"D:\\projects\\web projects\\fastfood_project\\fastfood_backend\\src\\Middleware\\checkAuth.js","statementMap":{"0":{"start":{"line":3,"column":0},"end":{"line":5,"column":3}},"1":{"start":{"line":6,"column":0},"end":{"line":6,"column":25}},"2":{"start":{"line":8,"column":20},"end":{"line":8,"column":67}},"3":{"start":{"line":10,"column":14},"end":{"line":10,"column":60}},"4":{"start":{"line":12,"column":14},"end":{"line":12,"column":55}},"5":{"start":{"line":14,"column":39},"end":{"line":14,"column":93}},"6":{"start":{"line":16,"column":0},"end":{"line":16,"column":25}},"7":{"start":{"line":18,"column":18},"end":{"line":46,"column":1}},"8":{"start":{"line":19,"column":2},"end":{"line":45,"column":4}},"9":{"start":{"line":20,"column":4},"end":{"line":44,"column":5}},"10":{"start":{"line":21,"column":20},"end":{"line":21,"column":59}},"11":{"start":{"line":23,"column":22},"end":{"line":23,"column":78}},"12":{"start":{"line":25,"column":6},"end":{"line":25,"column":29}},"13":{"start":{"line":27,"column":6},"end":{"line":37,"column":7}},"14":{"start":{"line":28,"column":8},"end":{"line":28,"column":69}},"15":{"start":{"line":30,"column":8},"end":{"line":30,"column":15}},"16":{"start":{"line":32,"column":8},"end":{"line":32,"column":49}},"17":{"start":{"line":34,"column":8},"end":{"line":36,"column":11}},"18":{"start":{"line":39,"column":6},"end":{"line":39,"column":55}},"19":{"start":{"line":41,"column":6},"end":{"line":43,"column":9}},"20":{"start":{"line":48,"column":15},"end":{"line":48,"column":24}},"21":{"start":{"line":49,"column":0},"end":{"line":49,"column":27}}},"fnMap":{"0":{"name":"_interopRequireDefault","decl":{"start":{"line":14,"column":9},"end":{"line":14,"column":31}},"loc":{"start":{"line":14,"column":37},"end":{"line":14,"column":95}},"line":14},"1":{"name":"(anonymous_1)","decl":{"start":{"line":18,"column":18},"end":{"line":18,"column":19}},"loc":{"start":{"line":18,"column":26},"end":{"line":46,"column":1}},"line":18},"2":{"name":"(anonymous_2)","decl":{"start":{"line":19,"column":9},"end":{"line":19,"column":10}},"loc":{"start":{"line":19,"column":29},"end":{"line":45,"column":3}},"line":19}},"branchMap":{"0":{"loc":{"start":{"line":14,"column":46},"end":{"line":14,"column":92}},"type":"cond-expr","locations":[{"start":{"line":14,"column":70},"end":{"line":14,"column":73}},{"start":{"line":14,"column":76},"end":{"line":14,"column":92}}],"line":14},"1":{"loc":{"start":{"line":14,"column":46},"end":{"line":14,"column":67}},"type":"binary-expr","locations":[{"start":{"line":14,"column":46},"end":{"line":14,"column":49}},{"start":{"line":14,"column":53},"end":{"line":14,"column":67}}],"line":14},"2":{"loc":{"start":{"line":27,"column":6},"end":{"line":37,"column":7}},"type":"if","locations":[{"start":{"line":27,"column":6},"end":{"line":37,"column":7}},{"start":{"line":27,"column":6},"end":{"line":37,"column":7}}],"line":27}},"s":{"0":1,"1":1,"2":1,"3":1,"4":1,"5":3,"6":1,"7":1,"8":8,"9":17,"10":17,"11":17,"12":17,"13":17,"14":17,"15":17,"16":0,"17":0,"18":0,"19":0,"20":1,"21":1},"f":{"0":3,"1":8,"2":17},"b":{"0":[1,2],"1":[3,3],"2":[17,0]},"inputSourceMap":{"version":3,"sources":["checkAuth.js"],"names":["dotenv","config","checkAuth","role","req","res","next","token","headers","authorization","split","payload","jwt","verify","process","env","JWT_KEY","userData","includes","logger","info","error","status","json","message"],"mappings":";;;;;;;AAAA;;AACA;;AACA;;;;AACAA,gBAAOC,MAAP;;AAEA,MAAMC,SAAS,GAAGC,IAAD,IAAU;AACvB,SAAO,CAACC,GAAD,EAAMC,GAAN,EAAWC,IAAX,KAAoB;AACvB,QAAI;AACA,YAAMC,KAAK,GAAGH,GAAG,CAACI,OAAJ,CAAYC,aAAZ,CAA0BC,KAA1B,CAAgC,GAAhC,EAAqC,CAArC,CAAd;;AACA,YAAMC,OAAO,GAAGC,sBAAIC,MAAJ,CAAWN,KAAX,EAAkBO,OAAO,CAACC,GAAR,CAAYC,OAA9B,CAAhB;;AACAZ,MAAAA,GAAG,CAACa,QAAJ,GAAeN,OAAf;;AACA,UAAGR,IAAI,CAACe,QAAL,CAAcP,OAAO,CAACR,IAAtB,CAAH,EAA+B;AAC3BgB,wBAAOC,IAAP,CAAa,aAAYT,OAAO,CAACR,IAAK,aAAtC;;AACAG,QAAAA,IAAI;AACP,OAHD,MAII;AACAa,wBAAOE,KAAP,CAAa,iBAAb;;AACA,eAAOhB,GAAG,CAACiB,MAAJ,CAAW,GAAX,EAAgBC,IAAhB,CAAqB;AAACC,UAAAA,OAAO,EAAC;AAAT,SAArB,CAAP;AACH;AACJ,KAZD,CAaA,OAAOH,KAAP,EAAc;AACVF,sBAAOE,KAAP,CAAa,kBAAb,EAAiCA,KAAjC;;AACA,aAAOhB,GAAG,CAACiB,MAAJ,CAAW,GAAX,EAAgBC,IAAhB,CAAqB;AAACC,QAAAA,OAAO,EAAC;AAAT,OAArB,CAAP;AACH;AACJ,GAlBD;AAmBH,CApBD;;eAsBetB,S","sourceRoot":"D:\\projects\\web projects\\fastfood_project\\fastfood_backend\\src\\Middleware\\","sourcesContent":["import  jwt  from \"jsonwebtoken\";\r\nimport logger from \"./logger.js\";\r\nimport dotenv from 'dotenv';\r\ndotenv.config();\r\n\r\nconst checkAuth= (role) => {\r\n    return (req, res, next) => {\r\n        try {\r\n            const token = req.headers.authorization.split(\" \")[1];\r\n            const payload = jwt.verify(token, process.env.JWT_KEY);\r\n            req.userData = payload;\r\n            if(role.includes(payload.role)){\r\n                logger.info(`the role: ${payload.role} was found!`);\r\n                next(); \r\n            }\r\n            else{ \r\n                logger.error('role not found!');\r\n                return res.status(401).json({message:\"auth failed\"});\r\n            }\r\n        } \r\n        catch (error) {\r\n            logger.error('token not found!', error);\r\n            return res.status(401).json({message:\"auth failed\"});\r\n        }\r\n    }\r\n}\r\n\r\nexport default checkAuth;"]},"_coverageSchema":"1a1c01bbd47fc00a2c39e90264f33305004495a9","hash":"32ac4c1d9e9a8dbc662d11171949d87decbe38a2","contentHash":"d7778e7df79f21a402493f3aa1f85c3201fa16f4d86a5510d77227ba852008bc"},"D:\\projects\\web projects\\fastfood_project\\fastfood_backend\\src\\routes\\users.js":{"path":"D:\\projects\\web projects\\fastfood_project\\fastfood_backend\\src\\routes\\users.js","statementMap":{"0":{"start":{"line":3,"column":0},"end":{"line":5,"column":3}},"1":{"start":{"line":6,"column":0},"end":{"line":6,"column":25}},"2":{"start":{"line":8,"column":15},"end":{"line":8,"column":33}},"3":{"start":{"line":10,"column":13},"end":{"line":10,"column":70}},"4":{"start":{"line":12,"column":17},"end":{"line":12,"column":78}},"5":{"start":{"line":14,"column":39},"end":{"line":14,"column":93}},"6":{"start":{"line":16,"column":15},"end":{"line":16,"column":37}},"7":{"start":{"line":17,"column":0},"end":{"line":17,"column":98}},"8":{"start":{"line":18,"column":0},"end":{"line":18,"column":92}},"9":{"start":{"line":19,"column":15},"end":{"line":19,"column":21}},"10":{"start":{"line":20,"column":0},"end":{"line":20,"column":27}}},"fnMap":{"0":{"name":"_interopRequireDefault","decl":{"start":{"line":14,"column":9},"end":{"line":14,"column":31}},"loc":{"start":{"line":14,"column":37},"end":{"line":14,"column":95}},"line":14}},"branchMap":{"0":{"loc":{"start":{"line":14,"column":46},"end":{"line":14,"column":92}},"type":"cond-expr","locations":[{"start":{"line":14,"column":70},"end":{"line":14,"column":73}},{"start":{"line":14,"column":76},"end":{"line":14,"column":92}}],"line":14},"1":{"loc":{"start":{"line":14,"column":46},"end":{"line":14,"column":67}},"type":"binary-expr","locations":[{"start":{"line":14,"column":46},"end":{"line":14,"column":49}},{"start":{"line":14,"column":53},"end":{"line":14,"column":67}}],"line":14}},"s":{"0":1,"1":1,"2":1,"3":1,"4":1,"5":2,"6":1,"7":1,"8":1,"9":1,"10":1},"f":{"0":2},"b":{"0":[2,0],"1":[2,2]},"inputSourceMap":{"version":3,"sources":["users.js"],"names":["router","get","users","getOrderHistory","post","addOrder"],"mappings":";;;;;;;AAAA;;AACA;;AACA;;;;AAEA,MAAMA,MAAM,GAAG,sBAAf;AAEAA,MAAM,CAACC,GAAP,CAAW,SAAX,EAAsB,wBAAU,CAAC,OAAD,EAAU,MAAV,CAAV,CAAtB,EAAoDC,eAAMC,eAA1D;AACAH,MAAM,CAACI,IAAP,CAAY,SAAZ,EAAuB,wBAAU,CAAC,OAAD,EAAU,MAAV,CAAV,CAAvB,EAAqDF,eAAMG,QAA3D;eAEeL,M","sourceRoot":"D:\\projects\\web projects\\fastfood_project\\fastfood_backend\\src\\routes\\","sourcesContent":["import { Router } from \"express\";\r\nimport users from \"../Controller/users.js\";\r\nimport checkAuth from \"../Middleware/checkAuth.js\";\r\n\r\nconst router = Router();\r\n\r\nrouter.get('/orders', checkAuth([\"admin\", \"user\"]), users.getOrderHistory);\r\nrouter.post('/orders', checkAuth([\"admin\", \"user\"]), users.addOrder);\r\n\r\nexport default router;"]},"_coverageSchema":"1a1c01bbd47fc00a2c39e90264f33305004495a9","hash":"7781ce0a16b20a73d4d327ca13e38310d82141a3","contentHash":"434d181275332fcc33c44ece23b3e9d797a22050a01a12086b1443e1d9fc68d8"},"D:\\projects\\web projects\\fastfood_project\\fastfood_backend\\src\\Controller\\users.js":{"path":"D:\\projects\\web projects\\fastfood_project\\fastfood_backend\\src\\Controller\\users.js","statementMap":{"0":{"start":{"line":3,"column":0},"end":{"line":5,"column":3}},"1":{"start":{"line":6,"column":0},"end":{"line":6,"column":25}},"2":{"start":{"line":8,"column":14},"end":{"line":8,"column":72}},"3":{"start":{"line":10,"column":13},"end":{"line":10,"column":42}},"4":{"start":{"line":12,"column":39},"end":{"line":12,"column":93}},"5":{"start":{"line":15,"column":20},"end":{"line":59,"column":3}},"6":{"start":{"line":16,"column":4},"end":{"line":58,"column":5}},"7":{"start":{"line":19,"column":10},"end":{"line":19,"column":18}},"8":{"start":{"line":20,"column":19},"end":{"line":24,"column":8}},"9":{"start":{"line":26,"column":6},"end":{"line":51,"column":7}},"10":{"start":{"line":27,"column":8},"end":{"line":27,"column":63}},"11":{"start":{"line":29,"column":8},"end":{"line":31,"column":11}},"12":{"start":{"line":33,"column":21},"end":{"line":37,"column":10}},"13":{"start":{"line":38,"column":25},"end":{"line":45,"column":9}},"14":{"start":{"line":46,"column":8},"end":{"line":46,"column":35}},"15":{"start":{"line":48,"column":8},"end":{"line":48,"column":55}},"16":{"start":{"line":50,"column":8},"end":{"line":50,"column":60}},"17":{"start":{"line":53,"column":6},"end":{"line":53,"column":61}},"18":{"start":{"line":55,"column":6},"end":{"line":57,"column":9}},"19":{"start":{"line":60,"column":27},"end":{"line":78,"column":3}},"20":{"start":{"line":61,"column":4},"end":{"line":77,"column":5}},"21":{"start":{"line":62,"column":30},"end":{"line":66,"column":8}},"22":{"start":{"line":68,"column":6},"end":{"line":68,"column":65}},"23":{"start":{"line":70,"column":6},"end":{"line":70,"column":44}},"24":{"start":{"line":72,"column":6},"end":{"line":72,"column":67}},"25":{"start":{"line":74,"column":6},"end":{"line":76,"column":9}},"26":{"start":{"line":81,"column":0},"end":{"line":81,"column":24}}},"fnMap":{"0":{"name":"_interopRequireDefault","decl":{"start":{"line":12,"column":9},"end":{"line":12,"column":31}},"loc":{"start":{"line":12,"column":37},"end":{"line":12,"column":95}},"line":12},"1":{"name":"(anonymous_1)","decl":{"start":{"line":15,"column":20},"end":{"line":15,"column":21}},"loc":{"start":{"line":15,"column":40},"end":{"line":59,"column":3}},"line":15},"2":{"name":"(anonymous_2)","decl":{"start":{"line":60,"column":27},"end":{"line":60,"column":28}},"loc":{"start":{"line":60,"column":47},"end":{"line":78,"column":3}},"line":60}},"branchMap":{"0":{"loc":{"start":{"line":12,"column":46},"end":{"line":12,"column":92}},"type":"cond-expr","locations":[{"start":{"line":12,"column":70},"end":{"line":12,"column":73}},{"start":{"line":12,"column":76},"end":{"line":12,"column":92}}],"line":12},"1":{"loc":{"start":{"line":12,"column":46},"end":{"line":12,"column":67}},"type":"binary-expr","locations":[{"start":{"line":12,"column":46},"end":{"line":12,"column":49}},{"start":{"line":12,"column":53},"end":{"line":12,"column":67}}],"line":12},"2":{"loc":{"start":{"line":26,"column":6},"end":{"line":51,"column":7}},"type":"if","locations":[{"start":{"line":26,"column":6},"end":{"line":51,"column":7}},{"start":{"line":26,"column":6},"end":{"line":51,"column":7}}],"line":26},"3":{"loc":{"start":{"line":26,"column":10},"end":{"line":26,"column":43}},"type":"binary-expr","locations":[{"start":{"line":26,"column":10},"end":{"line":26,"column":22}},{"start":{"line":26,"column":26},"end":{"line":26,"column":43}}],"line":26}},"s":{"0":1,"1":1,"2":1,"3":1,"4":1,"5":1,"6":3,"7":3,"8":3,"9":2,"10":1,"11":1,"12":1,"13":1,"14":1,"15":1,"16":1,"17":1,"18":1,"19":1,"20":1,"21":1,"22":1,"23":1,"24":0,"25":0,"26":1},"f":{"0":1,"1":3,"2":1},"b":{"0":[1,0],"1":[1,1],"2":[1,1],"3":[2,1]},"inputSourceMap":{"version":3,"sources":["users.js"],"names":["users","addOrder","req","res","name","body","food","Food","findOne","where","undefined","logger","error","status","json","user","User","id","userData","newOrder","quantity","unit_Price","price","foodId","createOrder","info","message","getOrderHistory","completedOrders","Order","findAll","userId"],"mappings":";;;;;;;AAAA;;AACA;;;;AAEe,MAAMA,KAAN,CAAW;AAGP,SAARC,QAAQ,GAAG,OAAMC,GAAN,EAAWC,GAAX,KAAkB;AAChC,QAAI;AACA,YAAM;AAACC,QAAAA;AAAD,UAASF,GAAG,CAACG,IAAnB;AACA,YAAMC,IAAI,GAAG,MAAMC,YAAKC,OAAL,CAAa;AAACC,QAAAA,KAAK,EAAC;AAACL,UAAAA,IAAI,EAAEA;AAAP;AAAP,OAAb,CAAnB;;AACA,UAAGE,IAAI,IAAI,IAAR,IAAgBA,IAAI,IAAII,SAA3B,EAAqC;AACjCC,wBAAOC,KAAP,CAAa,+BAAb;;AACA,eAAOT,GAAG,CAACU,MAAJ,CAAW,GAAX,EAAgBC,IAAhB,CAAqB;AAACF,UAAAA,KAAK,EAAC;AAAP,SAArB,CAAP;AACH,OAHD,MAII;AAEA,cAAMG,IAAI,GAAG,MAAMC,YAAKR,OAAL,CAAa;AAACC,UAAAA,KAAK,EAAC;AAACQ,YAAAA,EAAE,EAAEf,GAAG,CAACgB,QAAJ,CAAaD;AAAlB;AAAP,SAAb,CAAnB;AACA,cAAME,QAAQ,GAAG;AACbf,UAAAA,IAAI,EAAEE,IAAI,CAACF,IADE;AAEbgB,UAAAA,QAAQ,EAAE,CAFG;AAGbC,UAAAA,UAAU,EAAEf,IAAI,CAACgB,KAHJ;AAIbA,UAAAA,KAAK,EAAEhB,IAAI,CAACgB,KAAL,GAAY,CAJN;AAKbT,UAAAA,MAAM,EAAE,KALK;AAMbU,UAAAA,MAAM,EAAEjB,IAAI,CAACW;AANA,SAAjB;AAQAF,QAAAA,IAAI,CAACS,WAAL,CAAiBL,QAAjB;;AACAR,wBAAOc,IAAP,CAAY,wBAAZ;;AACAtB,QAAAA,GAAG,CAACU,MAAJ,CAAW,GAAX,EAAgBC,IAAhB,CAAqB,6BAArB;AACH;AACJ,KAtBD,CAuBA,OAAOF,KAAP,EAAc;AACVD,sBAAOC,KAAP,CAAa,wBAAb,EAAsCA,KAAtC;;AACAT,MAAAA,GAAG,CAACU,MAAJ,CAAW,GAAX,EAAgBC,IAAhB,CAAqB;AAACF,QAAAA,KAAK,EAAEA,KAAK,CAACc;AAAd,OAArB;AACH;AACJ,GA5Bc;AA8BO,SAAfC,eAAe,GAAG,OAAMzB,GAAN,EAAWC,GAAX,KAAkB;AACvC,QAAI;AACA,YAAMyB,eAAe,GAAG,MAAMC,aAAMC,OAAN,CAAc;AAACrB,QAAAA,KAAK,EAAE;AAACsB,UAAAA,MAAM,EAAE7B,GAAG,CAACgB,QAAJ,CAAaD;AAAtB;AAAR,OAAd,CAA9B;;AACAN,sBAAOc,IAAP,CAAY,oCAAZ;;AACAtB,MAAAA,GAAG,CAACU,MAAJ,CAAW,GAAX,EAAgBC,IAAhB,CAAqBc,eAArB;AACH,KAJD,CAKA,OAAOhB,KAAP,EAAc;AACVD,sBAAOC,KAAP,CAAa,8BAAb,EAA4CA,KAA5C;;AACAT,MAAAA,GAAG,CAACU,MAAJ,CAAW,GAAX,EAAgBC,IAAhB,CAAqB;AAACF,QAAAA,KAAK,EAAEA,KAAK,CAACc;AAAd,OAArB;AACH;AACJ,GAVqB;AAjCA","sourceRoot":"D:\\projects\\web projects\\fastfood_project\\fastfood_backend\\src\\Controller\\","sourcesContent":["import logger from \"../Middleware/logger.js\";\r\nimport {Order, Food, User} from \"../models/index.js\";\r\n\r\nexport default class users{\r\n\r\n\r\n    static addOrder = async(req, res) =>{\r\n        try {\r\n            const {name} = req.body;\r\n            const food = await Food.findOne({where:{name: name}});\r\n            if(food == null || food == undefined){\r\n                logger.error('food doesnt exist in database');\r\n                return res.status(500).json({error:'this food is not servered here'});\r\n            }\r\n            else{\r\n                \r\n                const user = await User.findOne({where:{id: req.userData.id}});\r\n                const newOrder = {\r\n                    name: food.name,\r\n                    quantity: 2,\r\n                    unit_Price: food.price,\r\n                    price: food.price* 2,\r\n                    status: false,\r\n                    foodId: food.id\r\n                }\r\n                user.createOrder(newOrder);\r\n                logger.info('new order made by user');\r\n                res.status(201).json(\"order created successfully!\");\r\n            }\r\n        } \r\n        catch (error) {\r\n            logger.error('failed to create order',error);\r\n            res.status(500).json({error: error.message});\r\n        }\r\n    }\r\n\r\n    static getOrderHistory = async(req, res) =>{\r\n        try {\r\n            const completedOrders = await Order.findAll({where: {userId: req.userData.id}});\r\n            logger.info('this your list of completed orders');\r\n            res.status(200).json(completedOrders);\r\n        } \r\n        catch (error) {\r\n            logger.error('failed to find order history',error);\r\n            res.status(500).json({error: error.message});\r\n        }\r\n    }\r\n\r\n}"]},"_coverageSchema":"1a1c01bbd47fc00a2c39e90264f33305004495a9","hash":"342494e113eaef57d7ee65d2a986989be00e29cc","contentHash":"120da931ad94a9d3ef729c561ea2bc5c6243bac1287797f235f49c703b498b02"},"D:\\projects\\web projects\\fastfood_project\\fastfood_backend\\src\\routes\\auth.js":{"path":"D:\\projects\\web projects\\fastfood_project\\fastfood_backend\\src\\routes\\auth.js","statementMap":{"0":{"start":{"line":3,"column":0},"end":{"line":5,"column":3}},"1":{"start":{"line":6,"column":0},"end":{"line":6,"column":25}},"2":{"start":{"line":8,"column":15},"end":{"line":8,"column":33}},"3":{"start":{"line":10,"column":12},"end":{"line":10,"column":68}},"4":{"start":{"line":12,"column":39},"end":{"line":12,"column":93}},"5":{"start":{"line":14,"column":15},"end":{"line":14,"column":37}},"6":{"start":{"line":15,"column":0},"end":{"line":15,"column":45}},"7":{"start":{"line":16,"column":0},"end":{"line":16,"column":43}},"8":{"start":{"line":17,"column":15},"end":{"line":17,"column":21}},"9":{"start":{"line":18,"column":0},"end":{"line":18,"column":27}}},"fnMap":{"0":{"name":"_interopRequireDefault","decl":{"start":{"line":12,"column":9},"end":{"line":12,"column":31}},"loc":{"start":{"line":12,"column":37},"end":{"line":12,"column":95}},"line":12}},"branchMap":{"0":{"loc":{"start":{"line":12,"column":46},"end":{"line":12,"column":92}},"type":"cond-expr","locations":[{"start":{"line":12,"column":70},"end":{"line":12,"column":73}},{"start":{"line":12,"column":76},"end":{"line":12,"column":92}}],"line":12},"1":{"loc":{"start":{"line":12,"column":46},"end":{"line":12,"column":67}},"type":"binary-expr","locations":[{"start":{"line":12,"column":46},"end":{"line":12,"column":49}},{"start":{"line":12,"column":53},"end":{"line":12,"column":67}}],"line":12}},"s":{"0":1,"1":1,"2":1,"3":1,"4":1,"5":1,"6":1,"7":1,"8":1,"9":1},"f":{"0":1},"b":{"0":[1,0],"1":[1,1]},"inputSourceMap":{"version":3,"sources":["auth.js"],"names":["router","post","auth","signUp","login"],"mappings":";;;;;;;AAAA;;AACA;;;;AAEA,MAAMA,MAAM,GAAG,sBAAf;AAEAA,MAAM,CAACC,IAAP,CAAY,SAAZ,EAAuBC,cAAKC,MAA5B;AACAH,MAAM,CAACC,IAAP,CAAY,QAAZ,EAAsBC,cAAKE,KAA3B;eAEeJ,M","sourceRoot":"D:\\projects\\web projects\\fastfood_project\\fastfood_backend\\src\\routes\\","sourcesContent":["import { Router } from \"express\";\r\nimport auth from '../Controller/auth.js';\r\n\r\nconst router = Router();\r\n\r\nrouter.post('/signup', auth.signUp);\r\nrouter.post('/login', auth.login);\r\n\r\nexport default router;"]},"_coverageSchema":"1a1c01bbd47fc00a2c39e90264f33305004495a9","hash":"81c2aa39b83481c77fd78154afe422a0840387a7","contentHash":"7ca7ce8bd14a975ff689d5dbcb146e954ac2a4a8c915f44dfdbd4a4312e41355"},"D:\\projects\\web projects\\fastfood_project\\fastfood_backend\\src\\Controller\\auth.js":{"path":"D:\\projects\\web projects\\fastfood_project\\fastfood_backend\\src\\Controller\\auth.js","statementMap":{"0":{"start":{"line":3,"column":0},"end":{"line":5,"column":3}},"1":{"start":{"line":6,"column":0},"end":{"line":6,"column":25}},"2":{"start":{"line":8,"column":14},"end":{"line":8,"column":72}},"3":{"start":{"line":10,"column":13},"end":{"line":10,"column":42}},"4":{"start":{"line":12,"column":20},"end":{"line":12,"column":67}},"5":{"start":{"line":14,"column":14},"end":{"line":14,"column":55}},"6":{"start":{"line":16,"column":14},"end":{"line":16,"column":55}},"7":{"start":{"line":18,"column":39},"end":{"line":18,"column":93}},"8":{"start":{"line":20,"column":0},"end":{"line":20,"column":25}},"9":{"start":{"line":23,"column":18},"end":{"line":85,"column":3}},"10":{"start":{"line":24,"column":4},"end":{"line":84,"column":5}},"11":{"start":{"line":28,"column":10},"end":{"line":28,"column":18}},"12":{"start":{"line":29,"column":20},"end":{"line":33,"column":8}},"13":{"start":{"line":35,"column":6},"end":{"line":79,"column":7}},"14":{"start":{"line":36,"column":8},"end":{"line":36,"column":58}},"15":{"start":{"line":38,"column":8},"end":{"line":38,"column":60}},"16":{"start":{"line":40,"column":8},"end":{"line":78,"column":11}},"17":{"start":{"line":41,"column":10},"end":{"line":77,"column":11}},"18":{"start":{"line":42,"column":12},"end":{"line":72,"column":13}},"19":{"start":{"line":43,"column":14},"end":{"line":43,"column":75}},"20":{"start":{"line":45,"column":14},"end":{"line":47,"column":17}},"21":{"start":{"line":49,"column":32},"end":{"line":49,"column":61}},"22":{"start":{"line":51,"column":14},"end":{"line":71,"column":15}},"23":{"start":{"line":52,"column":16},"end":{"line":56,"column":19}},"24":{"start":{"line":58,"column":16},"end":{"line":58,"column":67}},"25":{"start":{"line":60,"column":16},"end":{"line":60,"column":74}},"26":{"start":{"line":62,"column":16},"end":{"line":66,"column":19}},"27":{"start":{"line":68,"column":16},"end":{"line":68,"column":66}},"28":{"start":{"line":70,"column":16},"end":{"line":70,"column":73}},"29":{"start":{"line":74,"column":12},"end":{"line":74,"column":66}},"30":{"start":{"line":76,"column":12},"end":{"line":76,"column":40}},"31":{"start":{"line":81,"column":6},"end":{"line":81,"column":60}},"32":{"start":{"line":83,"column":6},"end":{"line":83,"column":34}},"33":{"start":{"line":86,"column":17},"end":{"line":137,"column":3}},"34":{"start":{"line":87,"column":4},"end":{"line":136,"column":5}},"35":{"start":{"line":91,"column":10},"end":{"line":91,"column":18}},"36":{"start":{"line":92,"column":19},"end":{"line":96,"column":8}},"37":{"start":{"line":98,"column":6},"end":{"line":129,"column":7}},"38":{"start":{"line":99,"column":8},"end":{"line":99,"column":68}},"39":{"start":{"line":101,"column":8},"end":{"line":101,"column":51}},"40":{"start":{"line":103,"column":8},"end":{"line":128,"column":11}},"41":{"start":{"line":104,"column":10},"end":{"line":108,"column":11}},"42":{"start":{"line":105,"column":12},"end":{"line":105,"column":66}},"43":{"start":{"line":107,"column":12},"end":{"line":107,"column":55}},"44":{"start":{"line":110,"column":10},"end":{"line":123,"column":11}},"45":{"start":{"line":111,"column":26},"end":{"line":117,"column":14}},"46":{"start":{"line":119,"column":12},"end":{"line":122,"column":15}},"47":{"start":{"line":125,"column":10},"end":{"line":125,"column":66}},"48":{"start":{"line":127,"column":10},"end":{"line":127,"column":46}},"49":{"start":{"line":131,"column":6},"end":{"line":131,"column":57}},"50":{"start":{"line":133,"column":6},"end":{"line":135,"column":9}},"51":{"start":{"line":140,"column":0},"end":{"line":140,"column":23}}},"fnMap":{"0":{"name":"_interopRequireDefault","decl":{"start":{"line":18,"column":9},"end":{"line":18,"column":31}},"loc":{"start":{"line":18,"column":37},"end":{"line":18,"column":95}},"line":18},"1":{"name":"(anonymous_1)","decl":{"start":{"line":23,"column":18},"end":{"line":23,"column":19}},"loc":{"start":{"line":23,"column":38},"end":{"line":85,"column":3}},"line":23},"2":{"name":"(anonymous_2)","decl":{"start":{"line":40,"column":43},"end":{"line":40,"column":44}},"loc":{"start":{"line":40,"column":66},"end":{"line":78,"column":9}},"line":40},"3":{"name":"(anonymous_3)","decl":{"start":{"line":86,"column":17},"end":{"line":86,"column":18}},"loc":{"start":{"line":86,"column":37},"end":{"line":137,"column":3}},"line":86},"4":{"name":"(anonymous_4)","decl":{"start":{"line":103,"column":57},"end":{"line":103,"column":58}},"loc":{"start":{"line":103,"column":76},"end":{"line":128,"column":9}},"line":103}},"branchMap":{"0":{"loc":{"start":{"line":18,"column":46},"end":{"line":18,"column":92}},"type":"cond-expr","locations":[{"start":{"line":18,"column":70},"end":{"line":18,"column":73}},{"start":{"line":18,"column":76},"end":{"line":18,"column":92}}],"line":18},"1":{"loc":{"start":{"line":18,"column":46},"end":{"line":18,"column":67}},"type":"binary-expr","locations":[{"start":{"line":18,"column":46},"end":{"line":18,"column":49}},{"start":{"line":18,"column":53},"end":{"line":18,"column":67}}],"line":18},"2":{"loc":{"start":{"line":35,"column":6},"end":{"line":79,"column":7}},"type":"if","locations":[{"start":{"line":35,"column":6},"end":{"line":79,"column":7}},{"start":{"line":35,"column":6},"end":{"line":79,"column":7}}],"line":35},"3":{"loc":{"start":{"line":42,"column":12},"end":{"line":72,"column":13}},"type":"if","locations":[{"start":{"line":42,"column":12},"end":{"line":72,"column":13}},{"start":{"line":42,"column":12},"end":{"line":72,"column":13}}],"line":42},"4":{"loc":{"start":{"line":51,"column":14},"end":{"line":71,"column":15}},"type":"if","locations":[{"start":{"line":51,"column":14},"end":{"line":71,"column":15}},{"start":{"line":51,"column":14},"end":{"line":71,"column":15}}],"line":51},"5":{"loc":{"start":{"line":98,"column":6},"end":{"line":129,"column":7}},"type":"if","locations":[{"start":{"line":98,"column":6},"end":{"line":129,"column":7}},{"start":{"line":98,"column":6},"end":{"line":129,"column":7}}],"line":98},"6":{"loc":{"start":{"line":98,"column":10},"end":{"line":98,"column":43}},"type":"binary-expr","locations":[{"start":{"line":98,"column":10},"end":{"line":98,"column":22}},{"start":{"line":98,"column":26},"end":{"line":98,"column":43}}],"line":98},"7":{"loc":{"start":{"line":104,"column":10},"end":{"line":108,"column":11}},"type":"if","locations":[{"start":{"line":104,"column":10},"end":{"line":108,"column":11}},{"start":{"line":104,"column":10},"end":{"line":108,"column":11}}],"line":104},"8":{"loc":{"start":{"line":110,"column":10},"end":{"line":123,"column":11}},"type":"if","locations":[{"start":{"line":110,"column":10},"end":{"line":123,"column":11}},{"start":{"line":110,"column":10},"end":{"line":123,"column":11}}],"line":110}},"s":{"0":1,"1":1,"2":1,"3":1,"4":1,"5":1,"6":1,"7":4,"8":1,"9":1,"10":4,"11":4,"12":4,"13":3,"14":1,"15":1,"16":2,"17":2,"18":2,"19":1,"20":1,"21":1,"22":1,"23":0,"24":0,"25":0,"26":1,"27":1,"28":1,"29":0,"30":0,"31":1,"32":1,"33":1,"34":4,"35":4,"36":4,"37":3,"38":1,"39":1,"40":2,"41":2,"42":0,"43":0,"44":2,"45":1,"46":1,"47":1,"48":1,"49":1,"50":1,"51":1},"f":{"0":4,"1":4,"2":2,"3":4,"4":2},"b":{"0":[1,3],"1":[4,4],"2":[1,2],"3":[1,1],"4":[0,1],"5":[1,2],"6":[3,2],"7":[0,2],"8":[1,1]},"inputSourceMap":{"version":3,"sources":["auth.js"],"names":["dotenv","config","Auth","signUp","req","res","email","password","body","users","User","findAll","where","length","logger","info","status","json","bcrypt","hash","error","message","userCount","create","role","login","user","findOne","undefined","compare","result","token","JWT","sign","id","process","env","JWT_KEY","expiresIn"],"mappings":";;;;;;;AAAA;;AACA;;AACA;;AACA;;AACA;;;;AACAA,gBAAOC,MAAP;;AAEe,MAAMC,IAAN,CAAU;AAER,SAANC,MAAM,GAAG,OAAMC,GAAN,EAAWC,GAAX,KAAiB;AAC7B,QAAI;AACA,YAAM;AAACC,QAAAA,KAAD;AAAQC,QAAAA;AAAR,UAAoBH,GAAG,CAACI,IAA9B;AACA,YAAMC,KAAK,GAAG,MAAMC,YAAKC,OAAL,CAAa;AAACC,QAAAA,KAAK,EAAC;AAACN,UAAAA,KAAK,EAAEA;AAAR;AAAP,OAAb,CAApB;;AACA,UAAGG,KAAK,CAACI,MAAN,IAAgB,CAAnB,EAAqB;AACjBC,wBAAOC,IAAP,CAAY,2BAAZ;;AACA,eAAOV,GAAG,CAACW,MAAJ,CAAW,GAAX,EAAgBC,IAAhB,CAAqB,sBAArB,CAAP;AACH,OAHD,MAII;AACAC,wBAAOC,IAAP,CAAYZ,QAAZ,EAAsB,EAAtB,EAA0B,OAAMa,KAAN,EAAaD,IAAb,KAAoB;AAC1C,cAAI;AACA,gBAAGC,KAAH,EAAS;AACLN,8BAAOM,KAAP,CAAa,8BAAb,EAA4CA,KAA5C;;AACA,qBAAOf,GAAG,CAACW,MAAJ,CAAW,GAAX,EAAgBC,IAAhB,CAAqB;AAACG,gBAAAA,KAAK,EAAEA,KAAK,CAACC;AAAd,eAArB,CAAP;AACH,aAHD,MAII;AACA,oBAAMC,SAAS,GAAG,MAAMZ,YAAKC,OAAL,CAAa,EAAb,CAAxB;;AACA,kBAAGW,SAAS,CAACT,MAAV,IAAoB,CAAvB,EACA;AACIH,4BAAKa,MAAL,CAAY;AAACjB,kBAAAA,KAAK,EAAEA,KAAR;AAAeC,kBAAAA,QAAQ,EAAEY,IAAzB;AAA+BK,kBAAAA,IAAI,EAAE;AAArC,iBAAZ;;AACAV,gCAAOC,IAAP,CAAY,4BAAZ;;AACA,uBAAOV,GAAG,CAACW,MAAJ,CAAW,GAAX,EAAgBC,IAAhB,CAAqB,4BAArB,CAAP;AACH,eALD,MAMI;AACAP,4BAAKa,MAAL,CAAY;AAACjB,kBAAAA,KAAK,EAAEA,KAAR;AAAeC,kBAAAA,QAAQ,EAAEY,IAAzB;AAA+BK,kBAAAA,IAAI,EAAE;AAArC,iBAAZ;;AACAV,gCAAOC,IAAP,CAAY,2BAAZ;;AACA,uBAAOV,GAAG,CAACW,MAAJ,CAAW,GAAX,EAAgBC,IAAhB,CAAqB,2BAArB,CAAP;AACH;AACJ;AACJ,WAnBD,CAoBA,OAAOG,KAAP,EAAc;AACVN,4BAAOM,KAAP,CAAa,uBAAb,EAAqCA,KAArC;;AACAf,YAAAA,GAAG,CAACW,MAAJ,CAAW,GAAX,EAAgBC,IAAhB,CAAqBG,KAArB;AACH;AACJ,SAzBD;AA0BH;AACJ,KAnCD,CAoCA,OAAOA,KAAP,EAAc;AACVN,sBAAOM,KAAP,CAAa,uBAAb,EAAqCA,KAArC;;AACAf,MAAAA,GAAG,CAACW,MAAJ,CAAW,GAAX,EAAgBC,IAAhB,CAAqBG,KAArB;AACH;AACJ,GAzCY;AA4CD,SAALK,KAAK,GAAG,OAAMrB,GAAN,EAAWC,GAAX,KAAiB;AAC5B,QAAI;AACA,YAAM;AAACC,QAAAA,KAAD;AAAQC,QAAAA;AAAR,UAAoBH,GAAG,CAACI,IAA9B;AACA,YAAMkB,IAAI,GAAG,MAAMhB,YAAKiB,OAAL,CAAa;AAACf,QAAAA,KAAK,EAAC;AAACN,UAAAA,KAAK,EAAEA;AAAR;AAAP,OAAb,CAAnB;;AACA,UAAGoB,IAAI,IAAI,IAAR,IAAgBA,IAAI,IAAIE,SAA3B,EAAqC;AACjCd,wBAAOM,KAAP,CAAc,eAAcd,KAAM,gBAAlC;;AACA,eAAOD,GAAG,CAACW,MAAJ,CAAW,GAAX,EAAgBC,IAAhB,CAAqB,aAArB,CAAP;AACH,OAHD,MAII;AACAC,wBAAOW,OAAP,CAAetB,QAAf,EAAyBmB,IAAI,CAACnB,QAA9B,EAAwC,CAACa,KAAD,EAAQU,MAAR,KAAiB;AACrD,cAAGV,KAAH,EAAS;AACLN,4BAAOM,KAAP,CAAa,8BAAb;;AACA,mBAAOf,GAAG,CAACW,MAAJ,CAAW,GAAX,EAAgBC,IAAhB,CAAqB,aAArB,CAAP;AACH;;AACD,cAAGa,MAAH,EAAU;AACN,kBAAMC,KAAK,GAAGC,sBAAIC,IAAJ,CACV;AACIC,cAAAA,EAAE,EAAER,IAAI,CAACQ,EADb;AAEI5B,cAAAA,KAAK,EAAEoB,IAAI,CAACpB,KAFhB;AAGIkB,cAAAA,IAAI,EAAEE,IAAI,CAACF;AAHf,aADU,EAMVW,OAAO,CAACC,GAAR,CAAYC,OANF,EAOV;AAACC,cAAAA,SAAS,EAAE;AAAZ,aAPU,CAAd;;AASA,mBAAOjC,GAAG,CAACW,MAAJ,CAAW,GAAX,EAAgBC,IAAhB,CAAqB;AAACI,cAAAA,OAAO,EAAE,2BAAV;AAAuCU,cAAAA,KAAK,EAAEA;AAA9C,aAArB,CAAP;AACH;;AACDjB,0BAAOM,KAAP,CAAa,gCAAb;;AACAf,UAAAA,GAAG,CAACW,MAAJ,CAAW,GAAX,EAAgBC,IAAhB,CAAqB,aAArB;AACH,SAnBD;AAoBH;AACJ,KA7BD,CA8BA,OAAOG,KAAP,EAAc;AACVN,sBAAOM,KAAP,CAAa,oBAAb,EAAkCA,KAAlC;;AACAf,MAAAA,GAAG,CAACW,MAAJ,CAAW,GAAX,EAAgBC,IAAhB,CAAqB;AAACG,QAAAA,KAAK,EAAEA,KAAK,CAACC;AAAd,OAArB;AACH;AACJ,GAnCW;AA9CS","sourceRoot":"D:\\projects\\web projects\\fastfood_project\\fastfood_backend\\src\\Controller\\","sourcesContent":["import logger from \"../Middleware/logger.js\";\r\nimport { User } from \"../models/index.js\";\r\nimport JWT from 'jsonwebtoken';\r\nimport bcrypt from 'bcrypt';\r\nimport dotenv from 'dotenv';\r\ndotenv.config();\r\n\r\nexport default class Auth{\r\n    \r\n    static signUp = async(req, res)=>{\r\n        try {\r\n            const {email, password} = req.body;\r\n            const users = await User.findAll({where:{email: email}});\r\n            if(users.length >= 1){\r\n                logger.info('user email already exists');\r\n                return res.status(409).json('authenication failed');\r\n            }\r\n            else{\r\n                bcrypt.hash(password, 10, async(error, hash)=>{\r\n                    try {\r\n                        if(error){\r\n                            logger.error('failed to hash user password',error);\r\n                            return res.status(500).json({error: error.message});\r\n                        }\r\n                        else{\r\n                            const userCount = await User.findAll({});\r\n                            if(userCount.length <= 0)\r\n                            {\r\n                                User.create({email: email, password: hash, role: 'admin'});\r\n                                logger.info('admin successfully created');\r\n                                return res.status(201).json('admin successfully created');\r\n                            }\r\n                            else{\r\n                                User.create({email: email, password: hash, role: 'user'});\r\n                                logger.info('user successfully created');\r\n                                return res.status(201).json('user successfully created');\r\n                            }\r\n                        }\r\n                    } \r\n                    catch (error) {\r\n                        logger.error('user creation failed!',error);\r\n                        res.status(500).json(error);\r\n                    }\r\n                });\r\n            }\r\n        } \r\n        catch (error) {\r\n            logger.error('user creation failed!',error);\r\n            res.status(500).json(error);\r\n        }\r\n    }\r\n\r\n\r\n    static login = async(req, res)=>{\r\n        try {\r\n            const {email, password} = req.body;\r\n            const user = await User.findOne({where:{email: email}});\r\n            if(user == null || user == undefined){\r\n                logger.error(`user email: ${email} doesnot exist`);\r\n                return res.stat
[...]
,"end":{"line":5,"column":3}},"1":{"start":{"line":6,"column":0},"end":{"line":6,"column":30}},"2":{"start":{"line":8,"column":14},"end":{"line":8,"column":55}},"3":{"start":{"line":10,"column":12},"end":{"line":10,"column":51}},"4":{"start":{"line":12,"column":39},"end":{"line":12,"column":93}},"5":{"start":{"line":14,"column":16},"end":{"line":19,"column":2}},"6":{"start":{"line":17,"column":4},"end":{"line":17,"column":54}},"7":{"start":{"line":21,"column":19},"end":{"line":29,"column":1}},"8":{"start":{"line":22,"column":12},"end":{"line":22,"column":52}},"9":{"start":{"line":24,"column":2},"end":{"line":28,"column":3}},"10":{"start":{"line":25,"column":4},"end":{"line":25,"column":19}},"11":{"start":{"line":27,"column":4},"end":{"line":27,"column":48}},"12":{"start":{"line":31,"column":21},"end":{"line":37,"column":18}},"13":{"start":{"line":38,"column":0},"end":{"line":38,"column":36}}},"fnMap":{"0":{"name":"_interopRequireDefault","decl":{"start":{"line":12,"column":9},"end":{"line":12,"column":31}},"loc":{"start":{"line":12,"column":37},"end":{"line":12,"column":95}},"line":12},"1":{"name":"(anonymous_1)","decl":{"start":{"line":16,"column":12},"end":{"line":16,"column":13}},"loc":{"start":{"line":16,"column":31},"end":{"line":18,"column":3}},"line":16},"2":{"name":"(anonymous_2)","decl":{"start":{"line":21,"column":19},"end":{"line":21,"column":20}},"loc":{"start":{"line":21,"column":38},"end":{"line":29,"column":1}},"line":21}},"branchMap":{"0":{"loc":{"start":{"line":12,"column":46},"end":{"line":12,"column":92}},"type":"cond-expr","locations":[{"start":{"line":12,"column":70},"end":{"line":12,"column":73}},{"start":{"line":12,"column":76},"end":{"line":12,"column":92}}],"line":12},"1":{"loc":{"start":{"line":12,"column":46},"end":{"line":12,"column":67}},"type":"binary-expr","locations":[{"start":{"line":12,"column":46},"end":{"line":12,"column":49}},{"start":{"line":12,"column":53},"end":{"line":12,"column":67}}],"line":12},"2":{"loc":{"start":{"line":24,"column":2},"end":{"line":28,"column":3}},"type":"if","locations":[{"start":{"line":24,"column":2},"end":{"line":28,"column":3}},{"start":{"line":24,"column":2},"end":{"line":28,"column":3}}],"line":24},"3":{"loc":{"start":{"line":24,"column":6},"end":{"line":24,"column":102}},"type":"binary-expr","locations":[{"start":{"line":24,"column":6},"end":{"line":24,"column":35}},{"start":{"line":24,"column":39},"end":{"line":24,"column":69}},{"start":{"line":24,"column":73},"end":{"line":24,"column":102}}],"line":24}},"s":{"0":1,"1":1,"2":1,"3":1,"4":2,"5":1,"6":0,"7":1,"8":0,"9":0,"10":0,"11":0,"12":1,"13":1},"f":{"0":2,"1":0,"2":0},"b":{"0":[0,2],"1":[2,2],"2":[0,0],"3":[0,0,0]},"inputSourceMap":{"version":3,"sources":["imageUpload.js"],"names":["storage","multer","diskStorage","filename","req","file","cb","body","name","originalname","fileFilter","ext","path","extname","mimetype","Error","imageUploads","limits","fileSize","single"],"mappings":";;;;;;;AAAA;;AACA;;;;AAEA,MAAMA,OAAO,GAAGC,gBAAOC,WAAP,CAAmB;AAC/B;AACAC,EAAAA,QAAQ,EAAE,CAACC,GAAD,EAAMC,IAAN,EAAYC,EAAZ,KAAmB;AAACA,IAAAA,EAAE,CAAC,IAAD,EAAQ,GAAEF,GAAG,CAACG,IAAJ,CAASC,IAAK,IAAGH,IAAI,CAACI,YAAa,EAA7C,CAAF;AAAkD;AAFjD,CAAnB,CAAhB;;AAKA,MAAMC,UAAU,GAAG,CAACN,GAAD,EAAMC,IAAN,EAAYC,EAAZ,KAAmB;AAClC,MAAIK,GAAG,GAAGC,cAAKC,OAAL,CAAaR,IAAI,CAACI,YAAlB,CAAV;;AACA,MAAGJ,IAAI,CAACS,QAAL,KAAkB,WAAlB,IAAgCT,IAAI,CAACS,QAAL,KAAkB,YAAlD,IAAkET,IAAI,CAACS,QAAL,KAAkB,WAAvF,EACA;AACIR,IAAAA,EAAE,CAAC,IAAD,EAAO,IAAP,CAAF;AACH,GAHD,MAII;AACAA,IAAAA,EAAE,CAAC,IAAIS,KAAJ,CAAU,qBAAV,CAAD,EAAmC,KAAnC,CAAF;AACH;AACJ,CATD;;AAWA,MAAMC,YAAY,GAAG,qBAAO;AACxBhB,EAAAA,OAAO,EAAEA,OADe;AAExBiB,EAAAA,MAAM,EAAC;AACFC,IAAAA,QAAQ,EAAE,OAAO,IAAP,GAAa;AADrB,GAFiB;AAKxBR,EAAAA,UAAU,EAAEA;AALY,CAAP,EAMlBS,MANkB,CAMX,OANW,CAArB","sourceRoot":"D:\\projects\\web projects\\fastfood_project\\fastfood_backend\\src\\Middleware\\","sourcesContent":["import multer from 'multer';\r\nimport path from 'path';\r\n\r\nconst storage = multer.diskStorage({\r\n    // destination: (req, file, cb) => {cb(null, './uploads/')},\r\n    filename: (req, file, cb) => {cb(null, `${req.body.name}_${file.originalname}`)}\r\n});\r\n\r\nconst fileFilter = (req, file, cb) => {\r\n    let ext = path.extname(file.originalname);\r\n    if(file.mimetype === 'image/jpg' ||file.mimetype === 'image/jpeg' || file.mimetype === 'image/png')\r\n    {\r\n        cb(null, true);\r\n    }\r\n    else{\r\n        cb(new Error('only images allowed'), false);\r\n    }\r\n}\r\n\r\nconst imageUploads = multer({\r\n    storage: storage,\r\n    limits:{\r\n         fileSize: 1024 * 1024 *5\r\n    },\r\n    fileFilter: fileFilter\r\n}).single('image');\r\n\r\n\r\n\r\n\r\nexport  {imageUploads};"]},"_coverageSchema":"1a1c01bbd47fc00a2c39e90264f33305004495a9","hash":"a25232015d5e872c9afe7f6e68a3827605777c5e","contentHash":"6e841dbf158c2121e773053a8cc2fa6ca55c4dca5d000ab3bccc4fbec0f8724b"},"D:\\projects\\web projects\\fastfood_project\\fastfood_backend\\src\\Controller\\menu.js":{"path":"D:\\projects\\web projects\\fastfood_project\\fastfood_backend\\src\\Controller\\menu.js","statementMap":{"0":{"start":{"line":3,"column":0},"end":{"line":5,"column":3}},"1":{"start":{"line":6,"column":0},"end":{"line":6,"column":25}},"2":{"start":{"line":8,"column":14},"end":{"line":8,"column":72}},"3":{"start":{"line":10,"column":13},"end":{"line":10,"column":42}},"4":{"start":{"line":12,"column":10},"end":{"line":12,"column":47}},"5":{"start":{"line":14,"column":24},"end":{"line":14,"column":64}},"6":{"start":{"line":16,"column":39},"end":{"line":16,"column":93}},"7":{"start":{"line":19,"column":23},"end":{"line":33,"column":3}},"8":{"start":{"line":20,"column":4},"end":{"line":32,"column":5}},"9":{"start":{"line":21,"column":23},"end":{"line":21,"column":52}},"10":{"start":{"line":23,"column":6},"end":{"line":23,"column":53}},"11":{"start":{"line":25,"column":6},"end":{"line":25,"column":37}},"12":{"start":{"line":27,"column":6},"end":{"line":27,"column":59}},"13":{"start":{"line":29,"column":6},"end":{"line":31,"column":9}},"14":{"start":{"line":34,"column":19},"end":{"line":73,"column":3}},"15":{"start":{"line":35,"column":4},"end":{"line":72,"column":5}},"16":{"start":{"line":36,"column":6},"end":{"line":65,"column":7}},"17":{"start":{"line":37,"column":22},"end":{"line":37,"column":76}},"18":{"start":{"line":41,"column":12},"end":{"line":41,"column":20}},"19":{"start":{"line":42,"column":8},"end":{"line":47,"column":11}},"20":{"start":{"line":49,"column":8},"end":{"line":49,"column":49}},"21":{"start":{"line":51,"column":8},"end":{"line":51,"column":49}},"22":{"start":{"line":56,"column":12},"end":{"line":56,"column":20}},"23":{"start":{"line":57,"column":8},"end":{"line":60,"column":11}},"24":{"start":{"line":62,"column":8},"end":{"line":62,"column":49}},"25":{"start":{"line":64,"column":8},"end":{"line":64,"column":49}},"26":{"start":{"line":67,"column":6},"end":{"line":67,"column":64}},"27":{"start":{"line":69,"column":6},"end":{"line":71,"column":9}},"28":{"start":{"line":74,"column":20},"end":{"line":123,"column":3}},"29":{"start":{"line":75,"column":4},"end":{"line":122,"column":5}},"30":{"start":{"line":76,"column":6},"end":{"line":115,"column":7}},"31":{"start":{"line":80,"column":12},"end":{"line":80,"column":20}},"32":{"start":{"line":81,"column":21},"end":{"line":86,"column":9}},"33":{"start":{"line":87,"column":8},"end":{"line":91,"column":11}},"34":{"start":{"line":93,"column":8},"end":{"line":93,"column":54}},"35":{"start":{"line":95,"column":8},"end":{"line":95,"column":55}},"36":{"start":{"line":100,"column":12},"end":{"line":100,"column":20}},"37":{"start":{"line":101,"column":21},"end":{"line":105,"column":9}},"38":{"start":{"line":106,"column":8},"end":{"line":110,"column":11}},"39":{"start":{"line":112,"column":8},"end":{"line":112,"column":54}},"40":{"start":{"line":114,"column":8},"end":{"line":114,"column":55}},"41":{"start":{"line":117,"column":6},"end":{"line":117,"column":60}},"42":{"start":{"line":119,"column":6},"end":{"line":121,"column":9}},"43":{"start":{"line":124,"column":22},"end":{"line":163,"column":3}},"44":{"start":{"line":125,"column":4},"end":{"line":162,"column":5}},"45":{"start":{"line":126,"column":17},"end":{"line":126,"column":30}},"46":{"start":{"line":127,"column":19},"end":{"line":131,"column":8}},"47":{"start":{"line":133,"column":6},"end":{"line":155,"column":7}},"48":{"start":{"line":134,"column":8},"end":{"line":134,"column":35}},"49":{"start":{"line":136,"column":8},"end":{"line":138,"column":9}},"50":{"start":{"line":137,"column":10},"end":{"line":137,"column":66}},"51":{"start":{"line":140,"column":8},"end":{"line":144,"column":11}},"52":{"start":{"line":146,"column":8},"end":{"line":146,"column":54}},"53":{"start":{"line":148,"column":8},"end":{"line":148,"column":61}},"54":{"start":{"line":150,"column":8},"end":{"line":150,"column":71}},"55":{"start":{"line":152,"column":8},"end":{"line":154,"column":11}},"56":{"start":{"line":157,"column":6},"end":{"line":157,"column":60}},"57":{"start":{"line":159,"column":6},"end":{"line":161,"column":9}},"58":{"start":{"line":166,"column":0},"end":{"line":166,"column":23}}},"fnMap":{"0":{"name":"_interopRequireDefault","decl":{"start":{"line":16,"column":9},"end":{"line":16,"column":31}},"loc":{"start":{"line":16,"column":37},"end":{"line":16,"column":95}},"line":16},"1":{"name":"(anonymous_1)","decl":{"start":{"line":19,"column":23},"end":{"line":19,"column":24}},"loc":{"start":{"line":19,"column":43},"end":{"line":33,"column":3}},"line":19},"2":{"name":"(anonymous_2)","decl":{"start":{"line":34,"column":19},"end":{"line":34,"column":20}},"loc":{"start":{"line":34,"column":39},"end":{"line":73,"column":3}},"line":34},"3":{"name":"(anonymous_3)","decl":{"start":{"line":74,"column":20},"end":{"line":74,"column":21}},"loc":{"start":{"line":74,"column":40},"end":{"line":123,"column":3}},"line":74},"4":{"name":"(anonymous_4)","decl":{"start":{"line":124,"column":22},"end":{"line":124,"column":23}},"loc":{"start":{"line":124,"column":42},"end":{"line":163,"column":3}},"line":124}},"branchMap":{"0":{"loc":{"start":{"line":16,"column":46},"end":{"line":16,"column":92}},"type":"cond-expr","locations":[{"start":{"line":16,"column":70},"end":{"line":16,"column":73}},{"start":{"line":16,"column":76},"end":{"line":16,"column":92}}],"line":16},"1":{"loc":{"start":{"line":16,"column":46},"end":{"line":16,"column":67}},"type":"binary-expr","locations":[{"start":{"line":16,"column":46},"end":{"line":16,"column":49}},{"start":{"line":16,"column":53},"end":{"line":16,"column":67}}],"line":16},"2":{"loc":{"start":{"line":36,"column":6},"end":{"line":65,"column":7}},"type":"if","locations":[{"start":{"line":36,"column":6},"end":{"line":65,"column":7}},{"start":{"line":36,"column":6},"end":{"line":65,"column":7}}],"line":36},"3":{"loc":{"start":{"line":76,"column":6},"end":{"line":115,"column":7}},"type":"if","locations":[{"start":{"line":76,"column":6},"end":{"line":115,"column":7}},{"start":{"line":76,"column":6},"end":{"line":115,"column":7}}],"line":76},"4":{"loc":{"start":{"line":133,"column":6},"end":{"line":155,"column":7}},"type":"if","locations":[{"start":{"line":133,"column":6},"end":{"line":155,"column":7}},{"start":{"line":133,"column":6},"end":{"line":155,"column":7}}],"line":133},"5":{"loc":{"start":{"line":136,"column":8},"end":{"line":138,"column":9}},"type":"if","locations":[{"start":{"line":136,"column":8},"end":{"line":138,"column":9}},{"start":{"line":136,"column":8},"end":{"line":138,"column":9}}],"line":136}},"s":{"0":1,"1":1,"2":1,"3":1,"4":1,"5":1,"6":2,"7":1,"8":1,"9":1,"10":1,"11":1,"12":0,"13":0,"14":1,"15":4,"16":4,"17":0,"18":0,"19":0,"20":0,"21":0,"22":4,"23":4,"24":1,"25":1,"26":3,"27":3,"28":1,"29":2,"30":2,"31":0,"32":0,"33":0,"34":0,"35":0,"36":2,"37":2,"38":2,"39":1,"40":1,"41":1,"42":1,"43":1,"44":2,"45":2,"46":2,"47":1,"48":1,"49":1,"50":0,"51":1,"52":1,"53":1,"54":0,"55":0,"56":1,"57":1,"58":1},"f":{"0":2,"1":1,"2":4,"3":2,"4":2},"b":{"0":[1,1],"1":[2,2],"2":[0,4],"3":[0,2],"4":[1,0],"5":[0,1]},"inputSourceMap":{"version":3,"sources":["menu.js"],"names":["Menu","getFoodList","req","res","foodList","Food","findAll","logger","info","status","json","error","message","addFood","file","image","uploader","upload","path","name","price","body","create","image_id","public_id","image_URL","secure_url","editFood","data","id","params","update","where","deleteFood","food","findOne","destroy"],"mappings":";;;;;;;AAAA;;AACA;;AACA;;AACA;;;;AAIe,MAAMA,IAAN,CAAU;AAEH,SAAXC,WAAW,GAAG,OAAMC,GAAN,EAAWC,GAAX,KAAkB;AACnC,QAAI;AACA,YAAMC,QAAQ,GAAG,MAAMC,YAAKC,OAAL,CAAa,EAAb,CAAvB;;AACAC,sBAAOC,IAAP,CAAY,wBAAZ;;AACAL,MAAAA,GAAG,CAACM,MAAJ,CAAW,GAAX,EAAgBC,IAAhB,CAAqBN,QAArB;AACH,KAJD,CAKA,OAAOO,KAAP,EAAc;AACVJ,sBAAOI,KAAP,CAAa,sBAAb,EAAoCA,KAApC;;AACAR,MAAAA,GAAG,CAACM,MAAJ,CAAW,GAAX,EAAgBC,IAAhB,CAAqB;AAACC,QAAAA,KAAK,EAAEA,KAAK,CAACC;AAAd,OAArB;AACH;AACJ,GAViB;AAYJ,SAAPC,OAAO,GAAG,OAAMX,GAAN,EAAWC,GAAX,KAAkB;AAC/B,QAAI;AACA,UAAG,OAAOD,GAAG,CAACY,IAAX,KAAoB,WAAvB,EAAmC;AAC/B,cAAMC,KAAK,GAAG,MAAMC,2BAASC,MAAT,CAAgBf,GAAG,CAACY,IAAJ,CAASI,IAAzB,CAApB;AACA,cAAM;AAACC,UAAAA,IAAD;AAAOC,UAAAA;AAAP,YAAgBlB,GAAG,CAACmB,IAA1B;AACA,cAAMhB,YAAKiB,MAAL,CAAY;AAACH,UAAAA,IAAI,EAAEA,IAAP;AAAaC,UAAAA,KAAK,EAACA,KAAnB;AAA0BG,UAAAA,QAAQ,EAAER,KAAK,CAACS,SAA1C;AAAqDC,UAAAA,SAAS,EAAEV,KAAK,CAACW;AAAtE,SAAZ,CAAN;;AACAnB,wBAAOC,IAAP,CAAY,kBAAZ;;AACAL,QAAAA,GAAG,CAACM,MAAJ,CAAW,GAAX,EAAgBC,IAAhB,CAAqB,kBAArB;AAEH,OAPD,MAQI;AACA,cAAM;AAACS,UAAAA,IAAD;AAAOC,UAAAA;AAAP,YAAgBlB,GAAG,CAACmB,IAA1B;AACA,cAAMhB,YAAKiB,MAAL,CAAY;AAACH,UAAAA,IAAI,EAAEA,IAAP;AAAaC,UAAAA,KAAK,EAACA;AAAnB,SAAZ,CAAN;;AACAb,wBAAOC,IAAP,CAAY,kBAAZ;;AACAL,QAAAA,GAAG,CAACM,MAAJ,CAAW,GAAX,EAAgBC,IAAhB,CAAqB,kBAArB;AACH;AACJ,KAfD,CAgBA,OAAOC,KAAP,EAAc;AACVJ,sBAAOI,KAAP,CAAa,2BAAb,EAAyCA,KAAzC;;AACAR,MAAAA,GAAG,CAACM,MAAJ,CAAW,GAAX,EAAgBC,IAAhB,CAAqB;AAACC,QAAAA,KAAK,EAAEA,KAAK,CAACC;AAAd,OAArB;AACH;AACJ,GArBa;AAuBC,SAARe,QAAQ,GAAG,OAAMzB,GAAN,EAAWC,GAAX,KAAkB;AAChC,QAAI;AACA,UAAG,OAAOD,GAAG,CAACY,IAAX,KAAmB,WAAtB,EAAkC;AAC9B,cAAM;AAACK,UAAAA,IAAD;AAAOC,UAAAA;AAAP,YAAgBlB,GAAG,CAACmB,IAA1B;AACA,cAAMO,IAAI,GAAG;AAACT,UAAAA,IAAI,EAAEA,IAAP;AAAaC,UAAAA,KAAK,EAAEA,KAApB;AAA2BL,UAAAA,KAAK,EAAEb,GAAG,CAACY,IAAJ,CAASI,IAA3C;AAAiDW,UAAAA,EAAE,EAAC3B,GAAG,CAAC4B,MAAJ,CAAWD;AAA/D,SAAb;AACA,cAAMxB,YAAK0B,MAAL,CAAYH,IAAZ,EAAkB;AAACI,UAAAA,KAAK,EAAC;AAACH,YAAAA,EAAE,EAAED,IAAI,CAACC;AAAV;AAAP,SAAlB,CAAN;;AACAtB,wBAAOC,IAAP,CAAY,uBAAZ;;AACAL,QAAAA,GAAG,CAACM,MAAJ,CAAW,GAAX,EAAgBC,IAAhB,CAAqB,wBAArB;AACH,OAND,MAOI;AACA,cAAM;AAACS,UAAAA,IAAD;AAAOC,UAAAA;AAAP,YAAgBlB,GAAG,CAACmB,IAA1B;AACA,cAAMO,IAAI,GAAG;AAACT,UAAAA,IAAI,EAAEA,IAAP;AAAaC,UAAAA,KAAK,EAAEA,KAApB;AAA2BS,UAAAA,EAAE,EAAC3B,GAAG,CAAC4B,MAAJ,CAAWD;AAAzC,SAAb;AACA,cAAMxB,YAAK0B,MAAL,CAAYH,IAAZ,EAAkB;AAACI,UAAAA,KAAK,EAAC;AAACH,YAAAA,EAAE,EAAED,IAAI,CAACC;AAAV;AAAP,SAAlB,CAAN;;AACAtB,wBAAOC,IAAP,CAAY,uBAAZ;;AACAL,QAAAA,GAAG,CAACM,MAAJ,CAAW,GAAX,EAAgBC,IAAhB,CAAqB,wBAArB;AACH;AACJ,KAfD,CAgBA,OAAOC,KAAP,EAAc;AACVJ,sBAAOI,KAAP,CAAa,uBAAb,EAAqCA,KAArC;;AACAR,MAAAA,GAAG,CAACM,MAAJ,CAAW,GAAX,EAAgBC,IAAhB,CAAqB;AAACC,QAAAA,KAAK,EAAEA,KAAK,CAACC;AAAd,OAArB;AACH;AACJ,GArBc;AAuBE,SAAVqB,UAAU,GAAG,OAAM/B,GAAN,EAAWC,GAAX,KAAkB;AAClC,QAAI;AACA,YAAM0B,EAAE,GAAG3B,GAAG,CAAC4B,MAAJ,CAAWD,EAAtB;AACA,YAAMK,IAAI,GAAG,MAAM7B,YAAK8B,OAAL,CAAa;AAACH,QAAAA,KAAK,EAAC;AAACH,UAAAA,EAAE,EAAEA;AAAL;AAAP,OAAb,CAAnB;;AACA,UAAGK,IAAH,EACA;AACI3B,wBAAOC,IAAP,CAAY0B,IAAZ;;AACA,YAAGA,IAAI,CAACX,QAAR,EAAiB;AAEb,gBAAMP,2BAASoB,OAAT,CAAiBF,IAAI,CAACX,QAAtB,CAAN;AACH;;AACD,cAAMlB,YAAK+B,OAAL,CAAa;AAACJ,UAAAA,KAAK,EAAE;AAACH,YAAAA,EAAE,EAAEA;AAAL;AAAR,SAAb,CAAN;;AAEAtB,wBAAOC,IAAP,CAAY,uBAAZ;;AACA,eAAOL,GAAG,CAACM,MAAJ,CAAW,GAAX,EAAgBC,IAAhB,CAAqB,uBAArB,CAAP;AACH,OAXD,MAYI;AAEAH,wBAAOI,KAAP,CAAc,cAAakB,EAAG,gBAA9B,EAA8ClB,KAA9C;;AACA,eAAOR,GAAG,CAACM,MAAJ,CAAW,GAAX,EAAgBC,IAAhB,CAAqB;AAACC,UAAAA,KAAK,EAAE;AAAR,SAArB,CAAP;AACH;AACJ,KApBD,CAqBA,OAAOA,KAAP,EAAc;AACVJ,sBAAOI,KAAP,CAAa,uBAAb,EAAqCA,KAArC;;AACAR,MAAAA,GAAG,CAACM,MAAJ,CAAW,GAAX,EAAgBC,IAAhB,CAAqB;AAACC,QAAAA,KAAK,EAAEA,KAAK,CAACC;AAAd,OAArB;AACH;AACJ,GA1BgB;AA5DI","sourceRoot":"D:\\projects\\web projects\\fastfood_project\\fastfood_backend\\src\\Controller\\","sourcesContent":["import logger from \"../Middleware/logger.js\";\r\nimport {Food} from '../models/index.js';\r\nimport fs from 'fs';\r\nimport { uploader } from \"../config/cloudinaryConfig.js\";\r\n\r\n\r\n\r\nexport default class Menu{\r\n\r\n    static getFoodList = async(req, res) =>{\r\n        try {\r\n            const foodList = await Food.findAll({});\r\n            logger.info('list of all food items');\r\n            res.status(200).json(foodList);\r\n        } \r\n        catch (error) {\r\n            logger.error(\"server error ocurred\",error);\r\n            res.status(500).json({error: error.message});\r\n        }\r\n    }\r\n\r\n    static addFood = async(req, res) =>{\r\n        try {\r\n            if(typeof req.file !== 'undefined'){\r\n                const image = await uploader.upload(req.file.path)\r\n                const {name, price} = req.body;\r\n                await Food.create({name: name, price:price, image_id: image.public_id, image_URL: image.secure_url});\r\n                logger.info('new food created');\r\n                res.status(201).json(\"new food created\");\r\n\r\n            }\r\n            else{\r\n                const {name, price} = req.body;\r\n                await Food.create({name: name, price:price});\r\n                logger.info('new food created');\r\n                res.status(201).json(\"new food created\");\r\n            }\r\n        } \r\n        catch (error) {\r\n            logger.error(\"failed to create new food\",error);\r\n            res.status(500).json({error: error.message});\r\n        }\r\n    }\r\n\r\n    static editFood = async(req, res) =>{\r\n        try {\r\n            if(typeof req.file !=='undefined'){\r\n                const {name, price} = req.body;\r\n                const data = {name: name, price: price, image: req.file.path, id:req.params.id};\r\n                await Food.update(data, {where:{id: data.id}})\r\n                logger.info('food has been updated');\r\n                res.status(200).json(\"food has been updated!\");\r\n            }\r\n            else{\r\n                const {name, price} = req.body;\r\n                const data = {name: name, price: price, id:req.params.id};\r\n                await Food.update(data, {where:{id: data.id}})\r\n                logger.info('food has been updated');\r\n                res.status(200).json(\"food has been updated!\");\r\n            }\r\n        } \r\n        catch (error) {\r\n            logger.error(\"failed to update food\",error);\r\n            res.status(500).json({error: error.message});\r\n        }\r\n    }\r\n\r\n    static deleteFood = async(req, res) =>{\r\n        try {\r\n            const id = req.params.id;\r\n            const food = await Food.findOne({where:{id: id}});\r\n            if(food)\r\n            {\r\n                logger.info(food);\r\n                if(food.image_id){\r\n\r\n                    await uploader.destroy(food.image_id);\r\n                }\r\n                await Food.destroy({where: {id: id}});\r\n                \r\n                logger.info('food has been deleted');\r\n                return res.status(200).json(\"food has been deleted\");\r\n            }\r\n            else{\r\n\r\n                logger.error(`food of ID:${id} doesnot exist`,error);\r\n                return res.status(500).json({error: 'could not delete food'});\r\n            }\r\n        } \r\n        catch (error) {\r\n            logger.error(\"failed to delete food\",error);\r\n            res.status(500).json({error: error.message});\r\n        }\r\n    }\r\n\r\n}"]},"_coverageSchema":"1a1c01bbd47fc00a2c39e90264f33305004495a9","hash":"477eebd8cdfb729205158b2f82d0b4c7eac6fc45","contentHash":"87ce56aa62eabd04df7d9dc015cd6a534caaeb7211a22c4abcd66564798d3592"}}